"C:/Users/Some Guy/Documents/Unreal Projects/New folder/Unreal/Content/BP_GameController.uasset" 0
"../../../Engine/Content/BasicShapes/BasicShapeMaterial.uasset" 1
"../../../Engine/Content/Functions/Engine_MaterialFunctions01/Opacity/CameraDepthFade.uasset" 2
"../../../Engine/Content/EngineMaterials/T_Default_Material_Grid_M.uasset" 3
"../../../Engine/Content/EngineMaterials/T_Default_Material_Grid_N.uasset" 4
"../../../Engine/Content/EngineMaterials/DefaultMaterial.uasset" 5
"../../../Engine/Content/BasicShapes/Sphere.uasset" 6
"C:/Users/Some Guy/Documents/Unreal Projects/New folder/Unreal/Content/BP_GameCharacter.uasset" 7
"C:/Users/Some Guy/Documents/Unreal Projects/New folder/Unreal/Content/BP_SaveGame.uasset" 8
"C:/Users/Some Guy/Documents/Unreal Projects/New folder/Unreal/Content/BP_SaveUserData.uasset" 9
"C:/Users/Some Guy/Documents/Unreal Projects/New folder/Unreal/Content/GM_GameMode.uasset" 10
"C:/Users/Some Guy/Documents/Unreal Projects/New folder/Unreal/Content/TestStuff.uasset" 11
"C:/Users/Some Guy/Documents/Unreal Projects/New folder/Unreal/Content/MoreTest.uasset" 12
"C:/Users/Some Guy/Documents/Unreal Projects/New folder/Unreal/Content/Enums/E_AnvilType.uasset" 13
"C:/Users/Some Guy/Documents/Unreal Projects/New folder/Unreal/Content/Enums/E_CameraShakes.uasset" 14
"C:/Users/Some Guy/Documents/Unreal Projects/New folder/Unreal/Content/Enums/E_Crosshairs.uasset" 15
"C:/Users/Some Guy/Documents/Unreal Projects/New folder/Unreal/Content/Enums/E_Gems.uasset" 16
"C:/Users/Some Guy/Documents/Unreal Projects/New folder/Unreal/Content/Enums/E_MoltenType.uasset" 17
"C:/Users/Some Guy/Documents/Unreal Projects/New folder/Unreal/Content/Enums/E_MovementMode.uasset" 18
"C:/Users/Some Guy/Documents/Unreal Projects/New folder/Unreal/Content/Enums/E_PaintColor.uasset" 19
"C:/Users/Some Guy/Documents/Unreal Projects/New folder/Unreal/Content/Enums/E_Stocks.uasset" 20
"C:/Users/Some Guy/Documents/Unreal Projects/New folder/Unreal/Content/ExternalAssets/Wooden_UI/Textures/Tex_arrow_left.uasset" 21
"C:/Users/Some Guy/Documents/Unreal Projects/New folder/Unreal/Content/ExternalAssets/Wooden_UI/Textures/Tex_arrow_right.uasset" 22
"C:/Users/Some Guy/Documents/Unreal Projects/New folder/Unreal/Content/ExternalAssets/Wooden_UI/Textures/Tex_bg_01_01.uasset" 23
"C:/Users/Some Guy/Documents/Unreal Projects/New folder/Unreal/Content/ExternalAssets/Wooden_UI/Textures/Tex_black_01_01.uasset" 24
"C:/Users/Some Guy/Documents/Unreal Projects/New folder/Unreal/Content/ExternalAssets/Wooden_UI/Textures/Tex_black_01_02.uasset" 25
"C:/Users/Some Guy/Documents/Unreal Projects/New folder/Unreal/Content/ExternalAssets/Wooden_UI/Textures/Tex_black_01_03.uasset" 26
"C:/Users/Some Guy/Documents/Unreal Projects/New folder/Unreal/Content/ExternalAssets/Wooden_UI/Textures/Tex_board.uasset" 27
"C:/Users/Some Guy/Documents/Unreal Projects/New folder/Unreal/Content/ExternalAssets/Wooden_UI/Textures/Tex_book.uasset" 28
"C:/Users/Some Guy/Documents/Unreal Projects/New folder/Unreal/Content/ExternalAssets/Wooden_UI/Textures/Tex_button_01_01.uasset" 29
"C:/Users/Some Guy/Documents/Unreal Projects/New folder/Unreal/Content/ExternalAssets/Wooden_UI/Textures/Tex_button_01_02.uasset" 30
"C:/Users/Some Guy/Documents/Unreal Projects/New folder/Unreal/Content/ExternalAssets/Wooden_UI/Textures/Tex_button_01_03.uasset" 31
"C:/Users/Some Guy/Documents/Unreal Projects/New folder/Unreal/Content/ExternalAssets/Wooden_UI/Textures/Tex_checkbox_01.uasset" 32
"C:/Users/Some Guy/Documents/Unreal Projects/New folder/Unreal/Content/ExternalAssets/Wooden_UI/Textures/Tex_checkbox_02.uasset" 33
"C:/Users/Some Guy/Documents/Unreal Projects/New folder/Unreal/Content/ExternalAssets/Wooden_UI/Textures/Tex_circle_01.uasset" 34
"C:/Users/Some Guy/Documents/Unreal Projects/New folder/Unreal/Content/ExternalAssets/Wooden_UI/Textures/Tex_circle_bg.uasset" 35
"C:/Users/Some Guy/Documents/Unreal Projects/New folder/Unreal/Content/ExternalAssets/Wooden_UI/Textures/Tex_frame.uasset" 36
"C:/Users/Some Guy/Documents/Unreal Projects/New folder/Unreal/Content/ExternalAssets/Wooden_UI/Textures/Tex_frame_blue.uasset" 37
"C:/Users/Some Guy/Documents/Unreal Projects/New folder/Unreal/Content/ExternalAssets/Wooden_UI/Textures/Tex_frame_c2_01.uasset" 38
"C:/Users/Some Guy/Documents/Unreal Projects/New folder/Unreal/Content/ExternalAssets/Wooden_UI/Textures/Tex_frame_c2_02.uasset" 39
"C:/Users/Some Guy/Documents/Unreal Projects/New folder/Unreal/Content/ExternalAssets/Wooden_UI/Textures/Tex_frame_c3_01.uasset" 40
"C:/Users/Some Guy/Documents/Unreal Projects/New folder/Unreal/Content/ExternalAssets/Wooden_UI/Textures/Tex_frame_c3_02.uasset" 41
"C:/Users/Some Guy/Documents/Unreal Projects/New folder/Unreal/Content/ExternalAssets/Wooden_UI/Textures/Tex_frame_c_01.uasset" 42
"C:/Users/Some Guy/Documents/Unreal Projects/New folder/Unreal/Content/ExternalAssets/Wooden_UI/Textures/Tex_frame_c_02.uasset" 43
"C:/Users/Some Guy/Documents/Unreal Projects/New folder/Unreal/Content/ExternalAssets/Wooden_UI/Textures/Tex_frame_c_03.uasset" 44
"C:/Users/Some Guy/Documents/Unreal Projects/New folder/Unreal/Content/ExternalAssets/Wooden_UI/Textures/Tex_frame_c_04.uasset" 45
"C:/Users/Some Guy/Documents/Unreal Projects/New folder/Unreal/Content/ExternalAssets/Wooden_UI/Textures/Tex_frame_c_05.uasset" 46
"C:/Users/Some Guy/Documents/Unreal Projects/New folder/Unreal/Content/ExternalAssets/Wooden_UI/Textures/Tex_frame_c_06.uasset" 47
"C:/Users/Some Guy/Documents/Unreal Projects/New folder/Unreal/Content/ExternalAssets/Wooden_UI/Textures/Tex_frame_green.uasset" 48
"C:/Users/Some Guy/Documents/Unreal Projects/New folder/Unreal/Content/ExternalAssets/Wooden_UI/Textures/Tex_frame_k_01.uasset" 49
"C:/Users/Some Guy/Documents/Unreal Projects/New folder/Unreal/Content/ExternalAssets/Wooden_UI/Textures/Tex_frame_k_02.uasset" 50
"C:/Users/Some Guy/Documents/Unreal Projects/New folder/Unreal/Content/ExternalAssets/Wooden_UI/Textures/Tex_frame_k_03.uasset" 51
"C:/Users/Some Guy/Documents/Unreal Projects/New folder/Unreal/Content/ExternalAssets/Wooden_UI/Textures/Tex_frame_k_04.uasset" 52
"C:/Users/Some Guy/Documents/Unreal Projects/New folder/Unreal/Content/ExternalAssets/Wooden_UI/Textures/Tex_frame_k_05.uasset" 53
"C:/Users/Some Guy/Documents/Unreal Projects/New folder/Unreal/Content/ExternalAssets/Wooden_UI/Textures/Tex_frame_k_06.uasset" 54
"C:/Users/Some Guy/Documents/Unreal Projects/New folder/Unreal/Content/ExternalAssets/Wooden_UI/Textures/Tex_frame_red.uasset" 55
"C:/Users/Some Guy/Documents/Unreal Projects/New folder/Unreal/Content/ExternalAssets/Wooden_UI/Textures/Tex_frame_s_01.uasset" 56
"C:/Users/Some Guy/Documents/Unreal Projects/New folder/Unreal/Content/ExternalAssets/Wooden_UI/Textures/Tex_frame_s_02.uasset" 57
"C:/Users/Some Guy/Documents/Unreal Projects/New folder/Unreal/Content/ExternalAssets/Wooden_UI/Textures/Tex_frame_s_03.uasset" 58
"C:/Users/Some Guy/Documents/Unreal Projects/New folder/Unreal/Content/ExternalAssets/Wooden_UI/Textures/Tex_frame_s_04.uasset" 59
"C:/Users/Some Guy/Documents/Unreal Projects/New folder/Unreal/Content/ExternalAssets/Wooden_UI/Textures/Tex_frame_s_05.uasset" 60
"C:/Users/Some Guy/Documents/Unreal Projects/New folder/Unreal/Content/ExternalAssets/Wooden_UI/Textures/Tex_frame_s_06.uasset" 61
"C:/Users/Some Guy/Documents/Unreal Projects/New folder/Unreal/Content/ExternalAssets/Wooden_UI/Textures/Tex_frame_violet.uasset" 62
"C:/Users/Some Guy/Documents/Unreal Projects/New folder/Unreal/Content/ExternalAssets/Wooden_UI/Textures/Tex_gear.uasset" 63
"C:/Users/Some Guy/Documents/Unreal Projects/New folder/Unreal/Content/ExternalAssets/Wooden_UI/Textures/Tex_letter.uasset" 64
"C:/Users/Some Guy/Documents/Unreal Projects/New folder/Unreal/Content/ExternalAssets/Wooden_UI/Textures/Tex_logo_01.uasset" 65
"C:/Users/Some Guy/Documents/Unreal Projects/New folder/Unreal/Content/ExternalAssets/Wooden_UI/Textures/Tex_logo_02.uasset" 66
"C:/Users/Some Guy/Documents/Unreal Projects/New folder/Unreal/Content/ExternalAssets/Wooden_UI/Textures/Tex_logo_03.uasset" 67
"C:/Users/Some Guy/Documents/Unreal Projects/New folder/Unreal/Content/ExternalAssets/Wooden_UI/Textures/Tex_obj_01.uasset" 68
"C:/Users/Some Guy/Documents/Unreal Projects/New folder/Unreal/Content/ExternalAssets/Wooden_UI/Textures/Tex_obj_03.uasset" 69
"C:/Users/Some Guy/Documents/Unreal Projects/New folder/Unreal/Content/ExternalAssets/Wooden_UI/Textures/Tex_obj_04.uasset" 70
"C:/Users/Some Guy/Documents/Unreal Projects/New folder/Unreal/Content/ExternalAssets/Wooden_UI/Textures/Tex_obj_05_01.uasset" 71
"C:/Users/Some Guy/Documents/Unreal Projects/New folder/Unreal/Content/ExternalAssets/Wooden_UI/Textures/Tex_obj_05_02.uasset" 72
"C:/Users/Some Guy/Documents/Unreal Projects/New folder/Unreal/Content/ExternalAssets/Wooden_UI/Textures/Tex_obj_06_01.uasset" 73
"C:/Users/Some Guy/Documents/Unreal Projects/New folder/Unreal/Content/ExternalAssets/Wooden_UI/Textures/Tex_obj_06_02.uasset" 74
"C:/Users/Some Guy/Documents/Unreal Projects/New folder/Unreal/Content/ExternalAssets/Wooden_UI/Textures/Tex_obj_07.uasset" 75
"C:/Users/Some Guy/Documents/Unreal Projects/New folder/Unreal/Content/ExternalAssets/Wooden_UI/Textures/Tex_obj_08.uasset" 76
"C:/Users/Some Guy/Documents/Unreal Projects/New folder/Unreal/Content/ExternalAssets/Wooden_UI/Textures/Tex_Plankshadow.uasset" 77
"C:/Users/Some Guy/Documents/Unreal Projects/New folder/Unreal/Content/ExternalAssets/Wooden_UI/Textures/Tex_Plank_01.uasset" 78
"C:/Users/Some Guy/Documents/Unreal Projects/New folder/Unreal/Content/ExternalAssets/Wooden_UI/Textures/Tex_Plank_02.uasset" 79
"C:/Users/Some Guy/Documents/Unreal Projects/New folder/Unreal/Content/ExternalAssets/Wooden_UI/Textures/Tex_Plank_03.uasset" 80
"C:/Users/Some Guy/Documents/Unreal Projects/New folder/Unreal/Content/ExternalAssets/Wooden_UI/Textures/Tex_Plank_04.uasset" 81
"C:/Users/Some Guy/Documents/Unreal Projects/New folder/Unreal/Content/ExternalAssets/Wooden_UI/Textures/Tex_Plank_05.uasset" 82
"C:/Users/Some Guy/Documents/Unreal Projects/New folder/Unreal/Content/ExternalAssets/Wooden_UI/Textures/Tex_Plank_06.uasset" 83
"C:/Users/Some Guy/Documents/Unreal Projects/New folder/Unreal/Content/ExternalAssets/Wooden_UI/Textures/Tex_Plank_10.uasset" 84
"C:/Users/Some Guy/Documents/Unreal Projects/New folder/Unreal/Content/ExternalAssets/Wooden_UI/Textures/Tex_Plank_11.uasset" 85
"C:/Users/Some Guy/Documents/Unreal Projects/New folder/Unreal/Content/ExternalAssets/Wooden_UI/Textures/Tex_Plank_12_1.uasset" 86
"C:/Users/Some Guy/Documents/Unreal Projects/New folder/Unreal/Content/ExternalAssets/Wooden_UI/Textures/Tex_Plank_12_2.uasset" 87
"C:/Users/Some Guy/Documents/Unreal Projects/New folder/Unreal/Content/ExternalAssets/Wooden_UI/Textures/Tex_Plank_12_3.uasset" 88
"C:/Users/Some Guy/Documents/Unreal Projects/New folder/Unreal/Content/ExternalAssets/Wooden_UI/Textures/Tex_Plank_12_bg.uasset" 89
"C:/Users/Some Guy/Documents/Unreal Projects/New folder/Unreal/Content/ExternalAssets/Wooden_UI/Textures/Tex_plank_13.uasset" 90
"C:/Users/Some Guy/Documents/Unreal Projects/New folder/Unreal/Content/ExternalAssets/Wooden_UI/Textures/Tex_plank_14.uasset" 91
"C:/Users/Some Guy/Documents/Unreal Projects/New folder/Unreal/Content/ExternalAssets/Wooden_UI/Textures/Tex_plank_15.uasset" 92
"C:/Users/Some Guy/Documents/Unreal Projects/New folder/Unreal/Content/ExternalAssets/Wooden_UI/Textures/Tex_skull_01.uasset" 93
"C:/Users/Some Guy/Documents/Unreal Projects/New folder/Unreal/Content/ExternalAssets/Wooden_UI/Textures/Tex_skull_02.uasset" 94
"C:/Users/Some Guy/Documents/Unreal Projects/New folder/Unreal/Content/ExternalAssets/Wooden_UI/Textures/Tex_skull_03.uasset" 95
"C:/Users/Some Guy/Documents/Unreal Projects/New folder/Unreal/Content/ExternalAssets/Wooden_UI/Textures/Tex_strip_bg02.uasset" 96
"C:/Users/Some Guy/Documents/Unreal Projects/New folder/Unreal/Content/ExternalAssets/Wooden_UI/Textures/Tex_strip_blue.uasset" 97
"C:/Users/Some Guy/Documents/Unreal Projects/New folder/Unreal/Content/ExternalAssets/Wooden_UI/Textures/Tex_strip_green.uasset" 98
"C:/Users/Some Guy/Documents/Unreal Projects/New folder/Unreal/Content/ExternalAssets/Wooden_UI/Textures/Tex_strip_red.uasset" 99
"C:/Users/Some Guy/Documents/Unreal Projects/New folder/Unreal/Content/ExternalAssets/Wooden_UI/Textures/Tex_sword_01.uasset" 100
"C:/Users/Some Guy/Documents/Unreal Projects/New folder/Unreal/Content/ExternalAssets/Wooden_UI/Textures/Tex_sword_02.uasset" 101
"C:/Users/Some Guy/Documents/Unreal Projects/New folder/Unreal/Content/ExternalAssets/Wooden_UI/Textures/Tex_Wooden_UI.uasset" 102
"C:/Users/Some Guy/Documents/Unreal Projects/New folder/Unreal/Content/Materials/Other3DPassThroughThing.uasset" 103
"C:/Users/Some Guy/Documents/Unreal Projects/New folder/Unreal/Content/Meshes/material_0.uasset" 104
"C:/Users/Some Guy/Documents/Unreal Projects/New folder/Unreal/Content/Textures/SM_MagnetStaff_SM_MagnetStaff_initialShadingGroup1_BaseColor.uasset" 105
"C:/Users/Some Guy/Documents/Unreal Projects/New folder/Unreal/Content/Textures/SM_MagnetStaff_SM_MagnetStaff_initialShadingGroup1_Emissive.uasset" 106
"C:/Users/Some Guy/Documents/Unreal Projects/New folder/Unreal/Content/Textures/SM_MagnetStaff_SM_MagnetStaff_initialShadingGroup1_Normal.uasset" 107
"C:/Users/Some Guy/Documents/Unreal Projects/New folder/Unreal/Content/Textures/SM_MagnetStaff_SM_MagnetStaff_initialShadingGroup1_OcclusionRoughnessMetallic.uasset" 108
"C:/Users/Some Guy/Documents/Unreal Projects/New folder/Unreal/Content/Materials/M_MagnetOnStick.uasset" 109
"C:/Users/Some Guy/Documents/Unreal Projects/New folder/Unreal/Content/Meshes/SM_MagnetOnStick.uasset" 110
"C:/Users/Some Guy/Documents/Unreal Projects/New folder/Unreal/Content/Meshes/SM_MapMesh.uasset" 111
"C:/Users/Some Guy/Documents/Unreal Projects/New folder/Unreal/Content/Meshes/SM_StoredMagnetOnStick.uasset" 112
"C:/Users/Some Guy/Documents/Unreal Projects/New folder/Unreal/Content/Textures/SM_MagnetGun_Fbx_Default_Material_BaseColor.uasset" 113
"C:/Users/Some Guy/Documents/Unreal Projects/New folder/Unreal/Content/Textures/SM_MagnetGun_Fbx_Default_Material_Normal.uasset" 114
"C:/Users/Some Guy/Documents/Unreal Projects/New folder/Unreal/Content/Textures/SM_MagnetGun_Fbx_Default_Material_OcclusionRoughnessMetallic.uasset" 115
"C:/Users/Some Guy/Documents/Unreal Projects/New folder/Unreal/Content/Materials/M_MagnetStaff.uasset" 116
"C:/Users/Some Guy/Documents/Unreal Projects/New folder/Unreal/Content/Meshes/SM_StoredMagnetStaff.uasset" 117
"C:/Users/Some Guy/Documents/Unreal Projects/New folder/Unreal/Content/Meshes/UsedItems/SM_MapMesh.uasset" 118
"../../../Engine/Content/EngineMaterials/WorldGridMaterial.uasset" 119
"C:/Users/Some Guy/Documents/Unreal Projects/New folder/Unreal/Content/Meshes/UsedItems/Build/SM_PipeFilter.uasset" 120
"C:/Users/Some Guy/Documents/Unreal Projects/New folder/Unreal/Content/Meshes/UsedItems/Build/SM_PipeValveBody.uasset" 121
"C:/Users/Some Guy/Documents/Unreal Projects/New folder/Unreal/Content/StarterContent/Materials/M_Basic_Wall.uasset" 122
"C:/Users/Some Guy/Documents/Unreal Projects/New folder/Unreal/Content/StarterContent/Architecture/Pillar_50x500.uasset" 123
"C:/Users/Some Guy/Documents/Unreal Projects/New folder/Unreal/Content/StarterContent/Architecture/Wall_400x300.uasset" 124
"C:/Users/Some Guy/Documents/Unreal Projects/New folder/Unreal/Content/StarterContent/Architecture/Wall_400x400.uasset" 125
"C:/Users/Some Guy/Documents/Unreal Projects/New folder/Unreal/Content/StarterContent/Architecture/Wall_500x500.uasset" 126
"C:/Users/Some Guy/Documents/Unreal Projects/New folder/Unreal/Content/StarterContent/Architecture/Wall_Door_400x400.uasset" 127
"C:/Users/Some Guy/Documents/Unreal Projects/New folder/Unreal/Content/StarterContent/Architecture/Wall_Window_400x400.uasset" 128
"C:/Users/Some Guy/Documents/Unreal Projects/New folder/Unreal/Content/StarterContent/Audio/Collapse01.uasset" 129
"C:/Users/Some Guy/Documents/Unreal Projects/New folder/Unreal/Content/StarterContent/Audio/Collapse02.uasset" 130
"C:/Users/Some Guy/Documents/Unreal Projects/New folder/Unreal/Content/StarterContent/Audio/Explosion01.uasset" 131
"C:/Users/Some Guy/Documents/Unreal Projects/New folder/Unreal/Content/StarterContent/Audio/Explosion02.uasset" 132
"C:/Users/Some Guy/Documents/Unreal Projects/New folder/Unreal/Content/StarterContent/Audio/Fire01.uasset" 133
"C:/Users/Some Guy/Documents/Unreal Projects/New folder/Unreal/Content/StarterContent/Audio/Fire_Sparks01.uasset" 134
"C:/Users/Some Guy/Documents/Unreal Projects/New folder/Unreal/Content/StarterContent/Audio/Light01.uasset" 135
"C:/Users/Some Guy/Documents/Unreal Projects/New folder/Unreal/Content/StarterContent/Audio/Light01_Cue.uasset" 136
"C:/Users/Some Guy/Documents/Unreal Projects/New folder/Unreal/Content/StarterContent/Audio/Light02.uasset" 137
"C:/Users/Some Guy/Documents/Unreal Projects/New folder/Unreal/Content/StarterContent/Audio/Light02_Cue.uasset" 138
"C:/Users/Some Guy/Documents/Unreal Projects/New folder/Unreal/Content/StarterContent/Audio/Smoke01.uasset" 139
"C:/Users/Some Guy/Documents/Unreal Projects/New folder/Unreal/Content/StarterContent/Audio/Starter_Birds01.uasset" 140
"C:/Users/Some Guy/Documents/Unreal Projects/New folder/Unreal/Content/StarterContent/Audio/Starter_Music01.uasset" 141
"C:/Users/Some Guy/Documents/Unreal Projects/New folder/Unreal/Content/StarterContent/Audio/Starter_Wind05.uasset" 142
"C:/Users/Some Guy/Documents/Unreal Projects/New folder/Unreal/Content/StarterContent/Audio/Starter_Wind06.uasset" 143
"C:/Users/Some Guy/Documents/Unreal Projects/New folder/Unreal/Content/StarterContent/Audio/Steam01.uasset" 144
"C:/Users/Some Guy/Documents/Unreal Projects/New folder/Unreal/Content/StarterContent/Audio/Explosion_Cue.uasset" 145
"C:/Users/Some Guy/Documents/Unreal Projects/New folder/Unreal/Content/StarterContent/Textures/T_Burst_M.uasset" 146
"C:/Users/Some Guy/Documents/Unreal Projects/New folder/Unreal/Content/StarterContent/Particles/Materials/M_Burst.uasset" 147
"C:/Users/Some Guy/Documents/Unreal Projects/New folder/Unreal/Content/StarterContent/Textures/T_Explosion_SubUV.uasset" 148
"C:/Users/Some Guy/Documents/Unreal Projects/New folder/Unreal/Content/StarterContent/Particles/Materials/M_explosion_subUV.uasset" 149
"C:/Users/Some Guy/Documents/Unreal Projects/New folder/Unreal/Content/StarterContent/Particles/Materials/m_flare_01.uasset" 150
"../../../Engine/Content/Functions/Engine_MaterialFunctions01/Gradient/RadialGradient.uasset" 151
"C:/Users/Some Guy/Documents/Unreal Projects/New folder/Unreal/Content/StarterContent/Particles/Materials/M_radial_ramp.uasset" 152
"C:/Users/Some Guy/Documents/Unreal Projects/New folder/Unreal/Content/StarterContent/Textures/T_Smoke_SubUV.uasset" 153
"C:/Users/Some Guy/Documents/Unreal Projects/New folder/Unreal/Content/StarterContent/Textures/T_Smoke_Tiled_D.uasset" 154
"C:/Users/Some Guy/Documents/Unreal Projects/New folder/Unreal/Content/StarterContent/Particles/Materials/M_smoke_subUV.uasset" 155
"C:/Users/Some Guy/Documents/Unreal Projects/New folder/Unreal/Content/StarterContent/Particles/P_Explosion.uasset" 156
"C:/Users/Some Guy/Documents/Unreal Projects/New folder/Unreal/Content/StarterContent/Blueprints/Blueprint_Effect_Explosion.uasset" 157
"../../../Engine/Content/EditorMeshes/ColorCalibrator/T_ColorGrid.uasset" 158
"C:/Users/Some Guy/Documents/Unreal Projects/New folder/Unreal/Content/StarterContent/Materials/M_ColorGrid_LowSpec.uasset" 159
"C:/Users/Some Guy/Documents/Unreal Projects/New folder/Unreal/Content/StarterContent/Textures/T_Bush_D.uasset" 160
"C:/Users/Some Guy/Documents/Unreal Projects/New folder/Unreal/Content/StarterContent/Textures/T_Bush_N.uasset" 161
"C:/Users/Some Guy/Documents/Unreal Projects/New folder/Unreal/Content/StarterContent/Props/Materials/M_Bush.uasset" 162
"C:/Users/Some Guy/Documents/Unreal Projects/New folder/Unreal/Content/StarterContent/Props/SM_Bush.uasset" 163
"C:/Users/Some Guy/Documents/Unreal Projects/New folder/Unreal/Content/StarterContent/Textures/T_Chair_M.uasset" 164
"C:/Users/Some Guy/Documents/Unreal Projects/New folder/Unreal/Content/StarterContent/Textures/T_Chair_N.uasset" 165
"C:/Users/Some Guy/Documents/Unreal Projects/New folder/Unreal/Content/StarterContent/Props/Materials/M_Chair.uasset" 166
"C:/Users/Some Guy/Documents/Unreal Projects/New folder/Unreal/Content/StarterContent/Props/SM_Couch.uasset" 167
"C:/Users/Some Guy/Documents/Unreal Projects/New folder/Unreal/Content/StarterContent/Materials/M_Glass.uasset" 168
"C:/Users/Some Guy/Documents/Unreal Projects/New folder/Unreal/Content/StarterContent/Textures/T_Door_M.uasset" 169
"C:/Users/Some Guy/Documents/Unreal Projects/New folder/Unreal/Content/StarterContent/Textures/T_Door_N.uasset" 170
"C:/Users/Some Guy/Documents/Unreal Projects/New folder/Unreal/Content/StarterContent/Props/Materials/M_Door.uasset" 171
"C:/Users/Some Guy/Documents/Unreal Projects/New folder/Unreal/Content/StarterContent/Props/SM_Door.uasset" 172
"C:/Users/Some Guy/Documents/Unreal Projects/New folder/Unreal/Content/StarterContent/Props/Materials/M_MaterialSphere.uasset" 173
"C:/Users/Some Guy/Documents/Unreal Projects/New folder/Unreal/Content/StarterContent/Props/Materials/M_MaterialSphere_Plain.uasset" 174
"C:/Users/Some Guy/Documents/Unreal Projects/New folder/Unreal/Content/StarterContent/Props/SM_MatPreviewMesh_02.uasset" 175
"../../../Engine/Content/Functions/Engine_MaterialFunctions02/Utility/BlendAngleCorrectedNormals.uasset" 176
"C:/Users/Some Guy/Documents/Unreal Projects/New folder/Unreal/Content/StarterContent/Textures/T_Detail_Rocky_N.uasset" 177
"C:/Users/Some Guy/Documents/Unreal Projects/New folder/Unreal/Content/StarterContent/Textures/T_Rock_Basalt_D.uasset" 178
"C:/Users/Some Guy/Documents/Unreal Projects/New folder/Unreal/Content/StarterContent/Textures/T_RockMesh_M.uasset" 179
"C:/Users/Some Guy/Documents/Unreal Projects/New folder/Unreal/Content/StarterContent/Textures/T_RockMesh_N.uasset" 180
"C:/Users/Some Guy/Documents/Unreal Projects/New folder/Unreal/Content/StarterContent/Props/Materials/M_Rock.uasset" 181
"C:/Users/Some Guy/Documents/Unreal Projects/New folder/Unreal/Content/StarterContent/Props/SM_Rock.uasset" 182
"C:/Users/Some Guy/Documents/Unreal Projects/New folder/Unreal/Content/StarterContent/Textures/T_Shelf_M.uasset" 183
"C:/Users/Some Guy/Documents/Unreal Projects/New folder/Unreal/Content/StarterContent/Textures/T_Shelf_N.uasset" 184
"C:/Users/Some Guy/Documents/Unreal Projects/New folder/Unreal/Content/StarterContent/Props/Materials/M_Shelf.uasset" 185
"C:/Users/Some Guy/Documents/Unreal Projects/New folder/Unreal/Content/StarterContent/Props/SM_Shelf.uasset" 186
"C:/Users/Some Guy/Documents/Unreal Projects/New folder/Unreal/Content/StarterContent/Materials/M_Basic_Floor.uasset" 187
"C:/Users/Some Guy/Documents/Unreal Projects/New folder/Unreal/Content/StarterContent/Props/SM_Stairs.uasset" 188
"C:/Users/Some Guy/Documents/Unreal Projects/New folder/Unreal/Content/StarterContent/Shapes/Shape_Cone.uasset" 189
"C:/Users/Some Guy/Documents/Unreal Projects/New folder/Unreal/Content/StarterContent/Shapes/Shape_Cylinder.uasset" 190
"C:/Users/Some Guy/Documents/Unreal Projects/New folder/Unreal/Content/StarterContent/Shapes/Shape_NarrowCapsule.uasset" 191
"C:/Users/Some Guy/Documents/Unreal Projects/New folder/Unreal/Content/StarterContent/Shapes/Shape_Pipe.uasset" 192
"C:/Users/Some Guy/Documents/Unreal Projects/New folder/Unreal/Content/StarterContent/Shapes/Shape_Pipe_180.uasset" 193
"C:/Users/Some Guy/Documents/Unreal Projects/New folder/Unreal/Content/StarterContent/Shapes/Shape_Pipe_90.uasset" 194
"C:/Users/Some Guy/Documents/Unreal Projects/New folder/Unreal/Content/StarterContent/Shapes/Shape_Plane.uasset" 195
"C:/Users/Some Guy/Documents/Unreal Projects/New folder/Unreal/Content/StarterContent/Shapes/Shape_Torus.uasset" 196
"C:/Users/Some Guy/Documents/Unreal Projects/New folder/Unreal/Content/StarterContent/Shapes/Shape_Trim.uasset" 197
"C:/Users/Some Guy/Documents/Unreal Projects/New folder/Unreal/Content/StarterContent/Shapes/Shape_Trim_90_In.uasset" 198
"C:/Users/Some Guy/Documents/Unreal Projects/New folder/Unreal/Content/StarterContent/Shapes/Shape_Trim_90_Out.uasset" 199
"C:/Users/Some Guy/Documents/Unreal Projects/New folder/Unreal/Content/StarterContent/Shapes/Shape_TriPyramid.uasset" 200
"C:/Users/Some Guy/Documents/Unreal Projects/New folder/Unreal/Content/StarterContent/Shapes/Shape_Tube.uasset" 201
"C:/Users/Some Guy/Documents/Unreal Projects/New folder/Unreal/Content/StarterContent/Shapes/Shape_Wedge_A.uasset" 202
"C:/Users/Some Guy/Documents/Unreal Projects/New folder/Unreal/Content/StarterContent/Shapes/Shape_Wedge_B.uasset" 203
"C:/Users/Some Guy/Documents/Unreal Projects/New folder/Unreal/Content/StarterContent/Shapes/Shape_WideCapsule.uasset" 204
"C:/Users/Some Guy/Documents/Unreal Projects/New folder/Unreal/Content/Textures/SM_Conveyer_lambert1_BaseColor.uasset" 205
"C:/Users/Some Guy/Documents/Unreal Projects/New folder/Unreal/Content/Textures/SM_Conveyer_lambert1_Normal.uasset" 206
"C:/Users/Some Guy/Documents/Unreal Projects/New folder/Unreal/Content/Textures/SM_Conveyer_lambert1_OcclusionRoughnessMetallic.uasset" 207
"C:/Users/Some Guy/Documents/Unreal Projects/New folder/Unreal/Content/Textures/SM_Intake_lambert1_BaseColor.uasset" 208
"C:/Users/Some Guy/Documents/Unreal Projects/New folder/Unreal/Content/Textures/SM_Intake_lambert1_Normal.uasset" 209
"C:/Users/Some Guy/Documents/Unreal Projects/New folder/Unreal/Content/Textures/SM_Intake_lambert1_OcclusionRoughnessMetallic.uasset" 210
"C:/Users/Some Guy/Documents/Unreal Projects/New folder/Unreal/Content/Textures/SM_MagnetOnAStick_lambert1_BaseColor.uasset" 211
"C:/Users/Some Guy/Documents/Unreal Projects/New folder/Unreal/Content/Textures/SM_MagnetOnAStick_lambert1_OcclusionRoughnessMetallic.uasset" 212
"C:/Users/Some Guy/Documents/Unreal Projects/New folder/Unreal/Content/Textures/SM_PipeCork_DefaultMaterial_BaseColor.uasset" 213
"C:/Users/Some Guy/Documents/Unreal Projects/New folder/Unreal/Content/Textures/SM_PipeCork_DefaultMaterial_Normal.uasset" 214
"C:/Users/Some Guy/Documents/Unreal Projects/New folder/Unreal/Content/Textures/SM_PipeCork_DefaultMaterial_OcclusionRoughnessMetallic.uasset" 215
"C:/Users/Some Guy/Documents/Unreal Projects/New folder/Unreal/Content/Textures/SM_PipeFilter_lambert1_BaseColor.uasset" 216
"C:/Users/Some Guy/Documents/Unreal Projects/New folder/Unreal/Content/Textures/SM_PipeFilter_lambert1_Normal.uasset" 217
"C:/Users/Some Guy/Documents/Unreal Projects/New folder/Unreal/Content/Textures/SM_PipeFilter_lambert1_OcclusionRoughnessMetallic.uasset" 218
"C:/Users/Some Guy/Documents/Unreal Projects/New folder/Unreal/Content/Textures/SM_PipeT_lambert1_BaseColor.uasset" 219
"C:/Users/Some Guy/Documents/Unreal Projects/New folder/Unreal/Content/Textures/SM_PipeT_lambert1_Normal.uasset" 220
"C:/Users/Some Guy/Documents/Unreal Projects/New folder/Unreal/Content/Textures/SM_PipeT_lambert1_OcclusionRoughnessMetallic.uasset" 221
"C:/Users/Some Guy/Documents/Unreal Projects/New folder/Unreal/Content/Textures/SM_PipeValueWheel_MAT_PolygonSciFiSpace_01_A_BaseColor.uasset" 222
"C:/Users/Some Guy/Documents/Unreal Projects/New folder/Unreal/Content/Textures/SM_PipeValueWheel_MAT_PolygonSciFiSpace_01_A_Normal.uasset" 223
"C:/Users/Some Guy/Documents/Unreal Projects/New folder/Unreal/Content/Textures/SM_PipeValueWheel_MAT_PolygonSciFiSpace_01_A_OcclusionRoughnessMetallic.uasset" 224
"C:/Users/Some Guy/Documents/Unreal Projects/New folder/Unreal/Content/Textures/SM_PipeValve_lambert1_BaseColor.uasset" 225
"C:/Users/Some Guy/Documents/Unreal Projects/New folder/Unreal/Content/Textures/SM_PipeValve_lambert1_Normal.uasset" 226
"C:/Users/Some Guy/Documents/Unreal Projects/New folder/Unreal/Content/Textures/SM_PipeValve_lambert1_OcclusionRoughnessMetallic.uasset" 227
"C:/Users/Some Guy/Documents/Unreal Projects/New folder/Unreal/Content/Textures/SM_PressureReader_DefaultMaterial_BaseColor.uasset" 228
"C:/Users/Some Guy/Documents/Unreal Projects/New folder/Unreal/Content/Textures/SM_PressureReader_DefaultMaterial_Normal.uasset" 229
"C:/Users/Some Guy/Documents/Unreal Projects/New folder/Unreal/Content/Textures/SM_PressureReader_DefaultMaterial_OcclusionRoughnessMetallic.uasset" 230
"C:/Users/Some Guy/Documents/Unreal Projects/New folder/Unreal/Content/Textures/SM_Prop_Tech_Pipe_01_Mat_Dungeon_02_BaseColor.uasset" 231
"C:/Users/Some Guy/Documents/Unreal Projects/New folder/Unreal/Content/Textures/SM_Prop_Tech_Pipe_01_Mat_Dungeon_02_Normal.uasset" 232
"C:/Users/Some Guy/Documents/Unreal Projects/New folder/Unreal/Content/Textures/SM_Prop_Tech_Pipe_01_Mat_Dungeon_02_OcclusionRoughnessMetallic.uasset" 233
"C:/Users/Some Guy/Documents/Unreal Projects/New folder/Unreal/Content/Textures/SM_Prop_Tech_Pipe_02_Mat_Dungeon_03_BaseColor.uasset" 234
"C:/Users/Some Guy/Documents/Unreal Projects/New folder/Unreal/Content/Textures/SM_Prop_Tech_Pipe_02_Mat_Dungeon_03_Normal.uasset" 235
"C:/Users/Some Guy/Documents/Unreal Projects/New folder/Unreal/Content/Textures/SM_Prop_Tech_Pipe_02_Mat_Dungeon_03_OcclusionRoughnessMetallic.uasset" 236
"C:/Users/Some Guy/Documents/Unreal Projects/New folder/Unreal/Content/Textures/SM_RigPipeBent_lambert1_BaseColor.uasset" 237
"C:/Users/Some Guy/Documents/Unreal Projects/New folder/Unreal/Content/Textures/SM_RigPipeBent_lambert1_BaseColor2.uasset" 238
"C:/Users/Some Guy/Documents/Unreal Projects/New folder/Unreal/Content/Textures/SM_RigPipeBent_lambert1_BaseColor3.uasset" 239
"C:/Users/Some Guy/Documents/Unreal Projects/New folder/Unreal/Content/Textures/SM_RigPipeBent_lambert1_Normal.uasset" 240
"C:/Users/Some Guy/Documents/Unreal Projects/New folder/Unreal/Content/Textures/SM_RigPipeBent_lambert1_Normal2.uasset" 241
"C:/Users/Some Guy/Documents/Unreal Projects/New folder/Unreal/Content/Textures/SM_RigPipeBent_lambert1_Normal3.uasset" 242
"C:/Users/Some Guy/Documents/Unreal Projects/New folder/Unreal/Content/Textures/SM_RigPipeBent_lambert1_OcclusionRoughnessMetallic.uasset" 243
"C:/Users/Some Guy/Documents/Unreal Projects/New folder/Unreal/Content/Textures/SM_RigPipeBent_lambert1_OcclusionRoughnessMetallic2.uasset" 244
"C:/Users/Some Guy/Documents/Unreal Projects/New folder/Unreal/Content/Textures/SM_RigPipeBent_lambert1_OcclusionRoughnessMetallic3.uasset" 245
"C:/Users/Some Guy/Documents/Unreal Projects/New folder/Unreal/Content/Textures/SM_RigPipe_M_RigPipe_BaseColor.uasset" 246
"C:/Users/Some Guy/Documents/Unreal Projects/New folder/Unreal/Content/Textures/SM_RigPipe_M_RigPipe_Normal.uasset" 247
"C:/Users/Some Guy/Documents/Unreal Projects/New folder/Unreal/Content/Textures/SM_RigPipe_M_RigPipe_OcclusionRoughnessMetallic.uasset" 248
"C:/Users/Some Guy/Documents/Unreal Projects/New folder/Unreal/Content/Textures/SM_RigRotorBottom_SM_PipeStraightSG3_BaseColor.uasset" 249
"C:/Users/Some Guy/Documents/Unreal Projects/New folder/Unreal/Content/Textures/SM_RigRotorBottom_SM_PipeStraightSG3_Normal.uasset" 250
"C:/Users/Some Guy/Documents/Unreal Projects/New folder/Unreal/Content/Textures/SM_RigRotorBottom_SM_PipeStraightSG3_OcclusionRoughnessMetallic.uasset" 251
"C:/Users/Some Guy/Documents/Unreal Projects/New folder/Unreal/Content/Textures/T_RigDirtPipeT.uasset" 252
"C:/Users/Some Guy/Documents/Unreal Projects/New folder/Unreal/Content/Textures/T_RigDirtPipeTARM.uasset" 253
"C:/Users/Some Guy/Documents/Unreal Projects/New folder/Unreal/Content/Textures/T_RigDirtPipeTNorm.uasset" 254
"C:/Users/Some Guy/Documents/Unreal Projects/New folder/Unreal/Content/UI/AlmendraSC-Bold.uasset" 255
"C:/Users/Some Guy/Documents/Unreal Projects/New folder/Unreal/Content/UI/AlmendraSC-Bold_Font.uasset" 256
"C:/Users/Some Guy/Documents/Unreal Projects/New folder/Unreal/Content/ExternalAssets/Wooden_UI/Textures/Tex_plank_19.uasset" 257
"C:/Users/Some Guy/Documents/Unreal Projects/New folder/Unreal/Content/Sound/Player/Button_Press.uasset" 258
"C:/Users/Some Guy/Documents/Unreal Projects/New folder/Unreal/Content/UI/HComboStringBox.uasset" 259
"C:/Users/Some Guy/Documents/Unreal Projects/New folder/Unreal/Content/ExternalAssets/Wooden_UI/Textures/Tex_obj_02.uasset" 260
"C:/Users/Some Guy/Documents/Unreal Projects/New folder/Unreal/Content/ExternalAssets/Wooden_UI/Textures/Tex_strip_bg01.uasset" 261
"C:/Users/Some Guy/Documents/Unreal Projects/New folder/Unreal/Content/UI/HSlider.uasset" 262
"C:/Users/Some Guy/Documents/Unreal Projects/New folder/Unreal/Content/Enums/E_ItemType.uasset" 263
"C:/Users/Some Guy/Documents/Unreal Projects/New folder/Unreal/Content/WorldObjects/Items/BP_ParentItem.uasset" 264
"C:/Users/Some Guy/Documents/Unreal Projects/New folder/Unreal/Content/Enums/E_PlacementType.uasset" 265
"C:/Users/Some Guy/Documents/Unreal Projects/New folder/Unreal/Content/WorldObjects/Items/BuildItems/BP_ParentBuild.uasset" 266
"C:/Users/Some Guy/Documents/Unreal Projects/New folder/Unreal/Content/WorldObjects/Items/BuildItems/BP_ParentWaterItem.uasset" 267
"C:/Users/Some Guy/Documents/Unreal Projects/New folder/Unreal/Content/WorldObjects/Items/BuildItems/BP_WaterfallTub.uasset" 268
"../../../Engine/Content/EditorBlueprintResources/StandardMacros.uasset" 269
"C:/Users/Some Guy/Documents/Unreal Projects/New folder/Unreal/Content/Meshes/UsedItems/Build/SM_PipeT.uasset" 270
"C:/Users/Some Guy/Documents/Unreal Projects/New folder/Unreal/Content/WorldObjects/Items/BuildItems/Logic/BP_ParentLogic.uasset" 271
"C:/Users/Some Guy/Documents/Unreal Projects/New folder/Unreal/Content/Meshes/UsedItems/Build/SM_PipeBent.uasset" 272
"C:/Users/Some Guy/Documents/Unreal Projects/New folder/Unreal/Content/WorldObjects/Items/BuildItems/Logic/BP_PipeBend.uasset" 273
"C:/Users/Some Guy/Documents/Unreal Projects/New folder/Unreal/Content/WorldObjects/Items/BuildItems/Logic/BP_PipeCorner.uasset" 274
"C:/Users/Some Guy/Documents/Unreal Projects/New folder/Unreal/Content/Meshes/UsedItems/Build/SM_PipeStraight.uasset" 275
"C:/Users/Some Guy/Documents/Unreal Projects/New folder/Unreal/Content/WorldObjects/Items/BuildItems/Logic/BP_PipeDelay.uasset" 276
"C:/Users/Some Guy/Documents/Unreal Projects/New folder/Unreal/Content/Materials/M_PipeT.uasset" 277
"C:/Users/Some Guy/Documents/Unreal Projects/New folder/Unreal/Content/WorldObjects/Items/BuildItems/Logic/BP_PipeT.uasset" 278
"C:/Users/Some Guy/Documents/Unreal Projects/New folder/Unreal/Content/WorldObjects/Items/Plants/BP_ParentPlant.uasset" 279
"C:/Users/Some Guy/Documents/Unreal Projects/New folder/Unreal/Content/WorldObjects/Items/Plants/BP_PlantAfage.uasset" 280
"C:/Users/Some Guy/Documents/Unreal Projects/New folder/Unreal/Content/WorldObjects/Items/Plants/BP_PlantEmberSpice.uasset" 281
"C:/Users/Some Guy/Documents/Unreal Projects/New folder/Unreal/Content/WorldObjects/Items/Plants/BP_PlantFrostspine.uasset" 282
"C:/Users/Some Guy/Documents/Unreal Projects/New folder/Unreal/Content/WorldObjects/Items/Plants/BP_PlantGluuin.uasset" 283
"C:/Users/Some Guy/Documents/Unreal Projects/New folder/Unreal/Content/WorldObjects/Items/Plants/BP_PlantGreenCane.uasset" 284
"C:/Users/Some Guy/Documents/Unreal Projects/New folder/Unreal/Content/WorldObjects/Items/Plants/BP_PlantHillLavender.uasset" 285
"C:/Users/Some Guy/Documents/Unreal Projects/New folder/Unreal/Content/WorldObjects/Items/Plants/BP_PlantLunarleaf.uasset" 286
"C:/Users/Some Guy/Documents/Unreal Projects/New folder/Unreal/Content/WorldObjects/Items/Plants/BP_PlantRegalRye.uasset" 287
"C:/Users/Some Guy/Documents/Unreal Projects/New folder/Unreal/Content/WorldObjects/Items/Plants/BP_PlantStreedThorn.uasset" 288
"C:/Users/Some Guy/Documents/Unreal Projects/New folder/Unreal/Content/WorldObjects/Items/Plants/BP_PlantWildBower.uasset" 289
"C:/Users/Some Guy/Documents/Unreal Projects/New folder/Unreal/Content/WorldObjects/Items/ResourceItems/BP_ParentResource.uasset" 290
"C:/Users/Some Guy/Documents/Unreal Projects/New folder/Unreal/Content/WorldObjects/Items/ResourceItems/BP_Boot.uasset" 291
"C:/Users/Some Guy/Documents/Unreal Projects/New folder/Unreal/Content/WorldObjects/Items/ResourceItems/BP_Crystal.uasset" 292
"C:/Users/Some Guy/Documents/Unreal Projects/New folder/Unreal/Content/WorldObjects/Items/ResourceItems/BP_Emerald.uasset" 293
"C:/Users/Some Guy/Documents/Unreal Projects/New folder/Unreal/Content/WorldObjects/Items/ResourceItems/BP_Fish.uasset" 294
"C:/Users/Some Guy/Documents/Unreal Projects/New folder/Unreal/Content/WorldObjects/Items/ResourceItems/BP_GoldBar.uasset" 295
"C:/Users/Some Guy/Documents/Unreal Projects/New folder/Unreal/Content/WorldObjects/Items/ResourceItems/BP_IronBar.uasset" 296
"C:/Users/Some Guy/Documents/Unreal Projects/New folder/Unreal/Content/WorldObjects/Items/ResourceItems/BP_Ruby.uasset" 297
"C:/Users/Some Guy/Documents/Unreal Projects/New folder/Unreal/Content/WorldObjects/Items/ResourceItems/BP_Sapphire.uasset" 298
"C:/Users/Some Guy/Documents/Unreal Projects/New folder/Unreal/Content/WorldObjects/Items/ResourceItems/BP_ScrapBar.uasset" 299
"C:/Users/Some Guy/Documents/Unreal Projects/New folder/Unreal/Content/WorldObjects/Items/ResourceItems/BP_ShardBar.uasset" 300
"C:/Users/Some Guy/Documents/Unreal Projects/New folder/Unreal/Content/Materials/M_FunnelAngled.uasset" 301
"C:/Users/Some Guy/Documents/Unreal Projects/New folder/Unreal/Content/Meshes/SM_FunnelAngled.uasset" 302
"C:/Users/Some Guy/Documents/Unreal Projects/New folder/Unreal/Content/WorldObjects/Items/BuildItems/BP_DeleteTest.uasset" 303
"C:/Users/Some Guy/Documents/Unreal Projects/New folder/Unreal/Content/WorldObjects/StoreItems/BP_ParentStoreItem.uasset" 304
"C:/Users/Some Guy/Documents/Unreal Projects/New folder/Unreal/Content/WorldObjects/StoreItems/EquipmentToolStores/BP_StoreMap.uasset" 305
"../../../Engine/Content/ArtTools/RenderToTexture/Meshes/S_1_Unit_Plane.uasset" 306
"../../../Engine/Content/BasicShapes/Cone.uasset" 307
"../../../Engine/Content/BasicShapes/Cylinder.uasset" 308
"../../../Engine/Content/BasicShapes/Plane.uasset" 309
"../../../Engine/Content/EditorLandscapeResources/DataLayer.uasset" 310
"../../../Engine/Content/EditorMaterials/GizmoMaterial.uasset" 311
"../../../Engine/Content/EditorMaterials/MAT_Groups_Toggle.uasset" 312
"../../../Engine/Content/EditorMaterials/MAT_Groups_Visibility.uasset" 313
"../../../Engine/Content/EditorMaterials/PreviewShadowIndicator.uasset" 314
"../../../Engine/Content/EditorMaterials/PreviewShadowIndicatorMaterial.uasset" 315
"../../../Engine/Content/EditorMaterials/MatineeGroups/MAT_ColorTrack.uasset" 316
"../../../Engine/Content/EditorMaterials/MatineeGroups/MAT_Groups_Anim.uasset" 317
"../../../Engine/Content/EditorMaterials/MatineeGroups/MAT_Groups_AudioMaster.uasset" 318
"../../../Engine/Content/EditorMaterials/MatineeGroups/MAT_Groups_Director.uasset" 319
"../../../Engine/Content/EditorMaterials/MatineeGroups/MAT_Groups_Event.uasset" 320
"../../../Engine/Content/EditorMaterials/MatineeGroups/MAT_Groups_Fade.uasset" 321
"../../../Engine/Content/EditorMaterials/MatineeGroups/MAT_Groups_Float.uasset" 322
"../../../Engine/Content/EditorMaterials/MatineeGroups/MAT_Groups_Move.uasset" 323
"../../../Engine/Content/EditorMaterials/MatineeGroups/MAT_Groups_Slomo.uasset" 324
"../../../Engine/Content/EditorMaterials/MatineeGroups/MAT_Groups_Sound.uasset" 325
"../../../Engine/Content/EditorMaterials/MatineeGroups/MAT_Groups_Vector.uasset" 326
"../../../Engine/Content/EditorMaterials/ParticleSystems/PSysThumbnail_NoImage.uasset" 327
"../../../Engine/Content/EditorMaterials/ParticleSystems/PSysThumbnail_OOD.uasset" 328
"../../../Engine/Content/EditorMaterials/Camera/CineMat.uasset" 329
"../../../Engine/Content/EditorMaterials/Camera/MI_CineMat_Rig.uasset" 330
"../../../Engine/Content/EditorMeshes/Camera/SM_CraneRig_Arm.uasset" 331
"../../../Engine/Content/EditorMeshes/Camera/SM_CraneRig_Base.uasset" 332
"../../../Engine/Content/EditorMeshes/Camera/SM_CraneRig_Body.uasset" 333
"../../../Engine/Content/EditorMeshes/Camera/SM_CraneRig_Mount.uasset" 334
"../../../Engine/Content/EditorMeshes/Camera/SM_RailRig_Mount.uasset" 335
"../../../Engine/Content/EditorMeshes/Camera/SM_RailRig_Track.uasset" 336
"../../../Engine/Content/EditorResources/BSPVertex.uasset" 337
"../../../Engine/Content/EditorResources/EmptyActor.uasset" 338
"../../../Engine/Content/EditorResources/S_Actor.uasset" 339
"../../../Engine/Content/EditorResources/S_Trigger.uasset" 340
"../../../Engine/Content/EditorResources/AudioIcons/S_AudioComponent.uasset" 341
"../../../Engine/Content/EditorResources/AudioIcons/S_AudioComponent_AutoActivate.uasset" 342
"../../../Engine/Content/EditorResources/LightIcons/S_LightError.uasset" 343
"../../../Engine/Content/EditorResources/SequenceRecorder/Countdown.uasset" 344
"../../../Engine/Content/EditorResources/SequenceRecorder/RecordingIndicator.uasset" 345
"../../../Engine/Content/EditorSounds/Notifications/CompileFailed.uasset" 346
"../../../Engine/Content/EditorSounds/Notifications/CompileFailed_Cue.uasset" 347
"../../../Engine/Content/EditorSounds/Notifications/CompileSuccess.uasset" 348
"../../../Engine/Content/EditorSounds/Notifications/CompileStart_Cue.uasset" 349
"../../../Engine/Content/EditorSounds/Notifications/CompileSuccess_Cue.uasset" 350
"../../../Engine/Content/EngineDamageTypes/DmgTypeBP_Environmental.uasset" 351
"../../../Engine/Content/EngineDebugMaterials/HeatmapGradient.uasset" 352
"../../../Engine/Content/EngineDebugMaterials/BoneWeightMaterial.uasset" 353
"../../../Engine/Content/EngineDebugMaterials/ClothMaterial.uasset" 354
"../../../Engine/Content/EngineDebugMaterials/ClothMaterial_WF.uasset" 355
"../../../Engine/Content/EngineDebugMaterials/DebugEditorMaterial.uasset" 356
"../../../Engine/Content/EngineDebugMaterials/DebugMeshMaterial.uasset" 357
"../../../Engine/Content/EngineDebugMaterials/GeomMaterial.uasset" 358
"../../../Engine/Content/EngineDebugMaterials/M_SimpleTranslucent.uasset" 359
"../../../Engine/Content/EngineFonts/Faces/RobotoBold.uasset" 360
"../../../Engine/Content/EngineFonts/Faces/RobotoBoldItalic.uasset" 361
"../../../Engine/Content/EngineFonts/Faces/RobotoItalic.uasset" 362
"../../../Engine/Content/EngineFonts/Faces/RobotoLight.uasset" 363
"../../../Engine/Content/EngineFonts/Faces/RobotoRegular.uasset" 364
"../../../Engine/Content/EngineFonts/Roboto.uasset" 365
"../../../Engine/Content/EngineFonts/Faces/RobotoTiny.uasset" 366
"../../../Engine/Content/EngineFonts/RobotoTiny.uasset" 367
"../../../Engine/Content/EngineMaterials/BaseFlattenDiffuseMap.uasset" 368
"../../../Engine/Content/EngineMaterials/BaseFlattenEmissiveMap.uasset" 369
"../../../Engine/Content/EngineMaterials/BaseFlattenGrayscaleMap.uasset" 370
"../../../Engine/Content/EngineMaterials/BaseFlattenNormalMap.uasset" 371
"../../../Engine/Content/EngineMaterials/BaseFlattenMaterial.uasset" 372
"../../../Engine/Content/EngineMaterials/DefaultBloomKernel.uasset" 373
"../../../Engine/Content/EngineMaterials/DefaultBokeh.uasset" 374
"../../../Engine/Content/EngineMaterials/DefaultDiffuse.uasset" 375
"../../../Engine/Content/EngineMaterials/DefaultDeferredDecalMaterial.uasset" 376
"../../../Engine/Content/EngineMaterials/DefaultLightFunctionMaterial.uasset" 377
"../../../Engine/Content/EngineMaterials/DefaultPhysicalMaterial.uasset" 378
"../../../Engine/Content/Functions/Engine_MaterialFunctions02/Utility/BreakOutFloat2Components.uasset" 379
"../../../Engine/Content/EngineMaterials/DefaultPostProcessMaterial.uasset" 380
"../../../Engine/Content/EngineFonts/RobotoDistanceField.uasset" 381
"../../../Engine/Content/EngineMaterials/DefaultTextMaterialOpaque.uasset" 382
"../../../Engine/Content/EngineMaterials/DefaultWhiteGrid.uasset" 383
"../../../Engine/Content/EngineMaterials/EditorBrushMaterial.uasset" 384
"../../../Engine/Content/EngineMaterials/Good64x64TilingNoiseHighFreq.uasset" 385
"../../../Engine/Content/EngineMaterials/MiniFont.uasset" 386
"../../../Engine/Content/EngineMaterials/InvalidLightmapSettings.uasset" 387
"../../../Engine/Content/EngineMaterials/M_InvalidLightmapSettings.uasset" 388
"../../../Engine/Content/Functions/Engine_MaterialFunctions02/WorldPositionOffset/CameraOffset.uasset" 389
"../../../Engine/Content/EngineMaterials/PhAT_JointLimitMaterial.uasset" 390
"../../../Engine/Content/EngineMaterials/PreintegratedSkinBRDF.uasset" 391
"../../../Engine/Content/EngineMaterials/RemoveSurfaceMaterial.uasset" 392
"../../../Engine/Content/EngineMaterials/WeightMapPlaceholderTexture.uasset" 393
"../../../Engine/Content/EngineResources/WhiteSquareTexture.uasset" 394
"../../../Engine/Content/EngineMaterials/Widget3DPassThrough.uasset" 395
"../../../Engine/Content/EngineMaterials/Widget3DPassThrough_Masked.uasset" 396
"../../../Engine/Content/EngineMaterials/Widget3DPassThrough_Opaque.uasset" 397
"../../../Engine/Content/EngineMaterials/Widget3DPassThrough_Masked_OneSided.uasset" 398
"../../../Engine/Content/EngineMaterials/Widget3DPassThrough_Opaque_OneSided.uasset" 399
"../../../Engine/Content/EngineMaterials/Widget3DPassThrough_Translucent.uasset" 400
"../../../Engine/Content/EngineMaterials/Widget3DPassThrough_Translucent_OneSided.uasset" 401
"../../../Engine/Content/EngineMeshes/Cylinder.uasset" 402
"../../../Engine/Content/EngineMeshes/Sphere.uasset" 403
"../../../Engine/Content/EngineResources/Black.uasset" 404
"../../../Engine/Content/EngineResources/DefaultTexture.uasset" 405
"../../../Engine/Content/EngineResources/DefaultTextureCube.uasset" 406
"../../../Engine/Content/EngineResources/DefaultVolumeTexture2D.uasset" 407
"../../../Engine/Content/EngineResources/DefaultVolumeTexture.uasset" 408
"../../../Engine/Content/EngineResources/GradientTexture0.uasset" 409
"../../../Engine/Content/EngineSounds/Master.uasset" 410
"../../../Engine/Content/Functions/Engine_MaterialFunctions01/Shading/ConvertFromDiffSpec.uasset" 411
"../../../Engine/Content/Functions/Engine_MaterialFunctions01/Shading/PowerToRoughness.uasset" 412
"../../../Engine/Content/Maps/Templates/Thumbnails/Default.uasset" 413
"../../../Engine/Content/Maps/Templates/Thumbnails/VR-Basic.uasset" 414
"../../../Engine/Content/MobileResources/T_MobileControls_texture.uasset" 415
"../../../Engine/Content/MobileResources/T_MobileMenu2.uasset" 416
"../../../Engine/Content/MobileResources/HUD/AnalogHat.uasset" 417
"../../../Engine/Content/MobileResources/HUD/VirtualJoystick_Background.uasset" 418
"../../../Engine/Content/MobileResources/HUD/VirtualJoystick_Thumb.uasset" 419
"../../../Engine/Content/MobileResources/HUD/DefaultVirtualJoysticks.uasset" 420
"../../../Engine/Content/MobileResources/HUD/LeftVirtualJoystickOnly.uasset" 421
"../../../Engine/Content/MobileResources/HUD/MobileHUDButton1_off.uasset" 422
"../../../Engine/Content/MobileResources/HUD/MobileHUDButton1_on.uasset" 423
"../../../Engine/Content/MobileResources/HUD/MobileHUDButton2_off.uasset" 424
"../../../Engine/Content/MobileResources/HUD/MobileHUDButton2_on.uasset" 425
"../../../Engine/Content/MobileResources/HUD/MobileHUDButton3.uasset" 426
"../../../Engine/Content/MobileResources/HUD/MobileHUDButtonFire.uasset" 427
"../../../Engine/Content/MobileResources/HUD/MobileHUDDirectionPad.uasset" 428
"../../../Engine/Content/MobileResources/HUD/MobileHUDDirectionPad2.uasset" 429
"../../../Engine/Content/MobileResources/HUD/MobileHUDDirectionPad3.uasset" 430
"../../../Engine/Content/MobileResources/HUD/MobileHUDDirectionStick.uasset" 431
"../../../Engine/Content/MobileResources/HUD/T_Castle_ThumbstickInner.uasset" 432
"../../../Engine/Content/MobileResources/HUD/T_Castle_ThumbstickOutter.uasset" 433
"../../../Engine/Content/Tutorial/ContentIntroCurve.uasset" 434
"../../../Engine/Content/Tutorial/BlueprintTutorials/TutorialAssets/Blueprint_64x.uasset" 435
"../../../Engine/Content/VREditor/LaserPointer/VR_LaserPower_01.uasset" 436
"../../../Engine/Content/VREditor/TransformGizmo/TransformGizmoMaterial.uasset" 437
"../../../Engine/Content/VREditor/TransformGizmo/TranslucentTransformGizmoMaterial.uasset" 438
"../../../Engine/Content/VREditor/TransformGizmo/BoundingBoxCorner.uasset" 439
"../../../Engine/Content/VREditor/TransformGizmo/BoundingBoxEdge.uasset" 440
"../../../Engine/Content/VREditor/TransformGizmo/PlaneTranslationHandle.uasset" 441
"../../../Engine/Content/VREditor/TransformGizmo/Main.uasset" 442
"../../../Engine/Content/VREditor/TransformGizmo/Xray.uasset" 443
"../../../Engine/Content/VREditor/TransformGizmo/SM_Sequencer_Key.uasset" 444
"../../../Engine/Content/VREditor/TransformGizmo/SM_Sequencer_Node.uasset" 445
"../../Plugins/2D/Paper2D/Content/PlaceholderTextures/DummySpriteTexture.uasset" 446
"../../Plugins/2D/Paper2D/Content/DummySprite.uasset" 447
"../../Plugins/2D/Paper2D/Content/DefaultPaperTerrainMaterial.uasset" 448
"../../Plugins/2D/Paper2D/Content/DefaultSpriteMaterial.uasset" 449
"../../Plugins/2D/Paper2D/Content/MaskedUnlitSpriteMaterial.uasset" 450
"../../Plugins/2D/Paper2D/Content/OpaqueUnlitSpriteMaterial.uasset" 451
"../../Plugins/Runtime/Oculus/OculusVR/Content/Materials/PokeAHoleMaterial.uasset" 452
"../../Plugins/Runtime/Oculus/OculusVR/Content/Textures/GearVRController_AO.uasset" 453
"../../Plugins/Runtime/Oculus/OculusVR/Content/Textures/GearVRController_Color.uasset" 454
"../../Plugins/Runtime/Oculus/OculusVR/Content/Textures/GearVRController_Normal.uasset" 455
"../../Plugins/Runtime/Oculus/OculusVR/Content/Materials/GearVRControllerMaterial.uasset" 456
"../../Plugins/Runtime/Oculus/OculusVR/Content/Meshes/GearVrController.uasset" 457
"../../Plugins/Runtime/Oculus/OculusVR/Content/Textures/touchController_albedo.uasset" 458
"../../Plugins/Runtime/Oculus/OculusVR/Content/Textures/touchController_controlmap.uasset" 459
"../../Plugins/Runtime/Oculus/OculusVR/Content/Materials/touchController_mat.uasset" 460
"../../Plugins/Runtime/Oculus/OculusVR/Content/Meshes/LeftTouchController.uasset" 461
"../../Plugins/Runtime/Oculus/OculusVR/Content/Meshes/RiftHMD.uasset" 462
"../../Plugins/Runtime/Oculus/OculusVR/Content/Meshes/RightTouchController.uasset" 463
"C:/Users/Some Guy/Documents/Unreal Projects/New folder/Unreal/Content/L_GameWorld1.umap" 464
"C:/Users/Some Guy/Documents/Unreal Projects/New folder/Unreal/Content/StarterContent/Blueprints/Assets/FogBrightnessLUT.uasset" 465
"C:/Users/Some Guy/Documents/Unreal Projects/New folder/Unreal/Content/StarterContent/Blueprints/Assets/SunlightColorLUT.uasset" 466
"C:/Users/Some Guy/Documents/Unreal Projects/New folder/Unreal/Content/StarterContent/Blueprints/Assets/M_LightStage_Arrows.uasset" 467
"../../../Engine/Content/MapTemplates/Sky/DaylightAmbientCubemap.uasset" 468
"C:/Users/Some Guy/Documents/Unreal Projects/New folder/Unreal/Content/StarterContent/Blueprints/Assets/M_LightStage_Skybox_Master.uasset" 469
"C:/Users/Some Guy/Documents/Unreal Projects/New folder/Unreal/Content/StarterContent/Blueprints/Assets/M_LightStage_Skybox_Black.uasset" 470
"C:/Users/Some Guy/Documents/Unreal Projects/New folder/Unreal/Content/StarterContent/Blueprints/Assets/M_LightStage_Skybox_HDRI.uasset" 471
"../../../Engine/Content/EditorMaterials/Thumbnails/SkySphereMaterial.uasset" 472
"C:/Users/Some Guy/Documents/Unreal Projects/New folder/Unreal/Content/StarterContent/Blueprints/Assets/Skybox.uasset" 473
"C:/Users/Some Guy/Documents/Unreal Projects/New folder/Unreal/Content/StarterContent/Blueprints/Assets/SM_Arrows.uasset" 474
"C:/Users/Some Guy/Documents/Unreal Projects/New folder/Unreal/Content/StarterContent/HDRI/HDRI_Epic_Courtyard_Daylight.uasset" 475
"C:/Users/Some Guy/Documents/Unreal Projects/New folder/Unreal/Content/StarterContent/Blueprints/BP_LightStudio.uasset" 476
"C:/Users/Some Guy/Documents/Unreal Projects/New folder/Unreal/Content/StarterContent/Maps/Advanced_Lighting_BuiltData.uasset" 477
"C:/Users/Some Guy/Documents/Unreal Projects/New folder/Unreal/Content/StarterContent/Materials/M_AssetPlatform.uasset" 478
"../../../Engine/Content/EditorMeshes/ColorCalibrator/M_ChromeBall.uasset" 479
"../../../Engine/Content/EditorMeshes/ColorCalibrator/M_ClearCoat.uasset" 480
"../../../Engine/Content/EditorMeshes/ColorCalibrator/M_ClearCoatBlack.uasset" 481
"../../../Engine/Content/EditorMeshes/ColorCalibrator/Color_checker.uasset" 482
"../../../Engine/Content/EditorMeshes/ColorCalibrator/M_ColorGrid.uasset" 483
"../../../Engine/Content/EditorMeshes/ColorCalibrator/M_GreyBall.uasset" 484
"../../../Engine/Content/EditorMeshes/ColorCalibrator/SM_ColorCalibrator.uasset" 485
"C:/Users/Some Guy/Documents/Unreal Projects/New folder/Unreal/Content/StarterContent/Architecture/SM_AssetPlatform.uasset" 486
"C:/Users/Some Guy/Documents/Unreal Projects/New folder/Unreal/Content/StarterContent/Maps/Advanced_Lighting.umap" 487
"../../../Engine/Content/EngineSky/C_Sky_Cloud_Color.uasset" 488
"../../../Engine/Content/EngineSky/C_Sky_Horizon_Color.uasset" 489
"../../../Engine/Content/EngineSky/C_Sky_Zenith_Color.uasset" 490
"../../../Engine/Content/EngineSky/T_Sky_Blue.uasset" 491
"../../../Engine/Content/EngineSky/T_Sky_Clouds_M.uasset" 492
"../../../Engine/Content/EngineSky/T_Sky_Stars.uasset" 493
"../../../Engine/Content/EngineSky/M_Sky_Panning_Clouds2.uasset" 494
"../../../Engine/Content/EngineSky/SM_SkySphere.uasset" 495
"../../../Engine/Content/EngineSky/BP_Sky_Sphere.uasset" 496
"C:/Users/Some Guy/Documents/Unreal Projects/New folder/Unreal/Content/Meshes/SM_MagnetStaff.uasset" 497
"C:/Users/Some Guy/Documents/Unreal Projects/New folder/Unreal/Content/WorldObjects/Items/BuildItems/BP_BuildFloor.uasset" 498
"C:/Users/Some Guy/Documents/Unreal Projects/New folder/Unreal/Content/WorldObjects/Items/BuildItems/BP_ParentWaterItemDurability.uasset" 499
"C:/Users/Some Guy/Documents/Unreal Projects/New folder/Unreal/Content/WorldObjects/Items/BuildItems/BP_PipeFilter.uasset" 500
"C:/Users/Some Guy/Documents/Unreal Projects/New folder/Unreal/Content/WorldObjects/Items/ToolItems/BP_ParentTool.uasset" 501
"C:/Users/Some Guy/Documents/Unreal Projects/New folder/Unreal/Content/WorldObjects/Items/ToolItems/BP_Pan.uasset" 502
"C:/Users/Some Guy/Documents/Unreal Projects/New folder/Unreal/Content/ExternalAssets/Wooden_UI/Textures/Tex_checkbox_bg.uasset" 503
"C:/Users/Some Guy/Documents/Unreal Projects/New folder/Unreal/Content/ExternalAssets/Wooden_UI/Textures/Tex_checkbox_filled.uasset" 504
"C:/Users/Some Guy/Documents/Unreal Projects/New folder/Unreal/Content/UI/HCheckBox.uasset" 505
"C:/Users/Some Guy/Documents/Unreal Projects/New folder/Unreal/Content/WorldObjects/BP_DayNightCycle.uasset" 506
"C:/Users/Some Guy/Documents/Unreal Projects/New folder/Unreal/Content/WorldObjects/Vehicles/BP_ParentVehicle.uasset" 507
"C:/Users/Some Guy/Documents/Unreal Projects/New folder/Unreal/Content/BP_DevCam.uasset" 508
"C:/Users/Some Guy/Documents/Unreal Projects/New folder/Unreal/Content/F7_Save.uasset" 509
"C:/Users/Some Guy/Documents/Unreal Projects/New folder/Unreal/Content/UI/HKeyBindSelector.uasset" 510
"C:/Users/Some Guy/Documents/Unreal Projects/New folder/Unreal/Content/ExternalAssets/Wooden_UI/Textures/Tex_plank_17.uasset" 511
"C:/Users/Some Guy/Documents/Unreal Projects/New folder/Unreal/Content/UI/HSmallButton1.uasset" 512
"C:/Users/Some Guy/Documents/Unreal Projects/New folder/Unreal/Content/ExternalAssets/Wooden_UI/Textures/Tex_plank_16.uasset" 513
"C:/Users/Some Guy/Documents/Unreal Projects/New folder/Unreal/Content/UI/HSmallButton2.uasset" 514
"C:/Users/Some Guy/Documents/Unreal Projects/New folder/Unreal/Content/ExternalAssets/Wooden_UI/Textures/Tex_plank_18.uasset" 515
"C:/Users/Some Guy/Documents/Unreal Projects/New folder/Unreal/Content/UI/HSmallButton3.uasset" 516
"C:/Users/Some Guy/Documents/Unreal Projects/New folder/Unreal/Content/ExternalAssets/Wooden_UI/Textures/Tex_Plank_08.uasset" 517
"C:/Users/Some Guy/Documents/Unreal Projects/New folder/Unreal/Content/UI/HTabButton.uasset" 518
"C:/Users/Some Guy/Documents/Unreal Projects/New folder/Unreal/Content/ExternalAssets/Wooden_UI/Textures/Tex_Plank_07.uasset" 519
"C:/Users/Some Guy/Documents/Unreal Projects/New folder/Unreal/Content/UI/HTabButton2.uasset" 520
"C:/Users/Some Guy/Documents/Unreal Projects/New folder/Unreal/Content/ExternalAssets/Wooden_UI/Textures/Tex_Plank_09.uasset" 521
"C:/Users/Some Guy/Documents/Unreal Projects/New folder/Unreal/Content/UI/HTabButton3.uasset" 522
"C:/Users/Some Guy/Documents/Unreal Projects/New folder/Unreal/Content/UI/HTextBlock.uasset" 523
"C:/Users/Some Guy/Documents/Unreal Projects/New folder/Unreal/Content/UI/HTextBox.uasset" 524
"../../../Engine/Content/BasicShapes/Cube.uasset" 525
"C:/Users/Some Guy/Documents/Unreal Projects/New folder/Unreal/Content/WorldObjects/Items/BuildItems/BP_Anvil.uasset" 526
"C:/Users/Some Guy/Documents/Unreal Projects/New folder/Unreal/Content/WorldObjects/Items/BuildItems/BP_BuildBed.uasset" 527
"C:/Users/Some Guy/Documents/Unreal Projects/New folder/Unreal/Content/WorldObjects/Items/BuildItems/BP_BuildCarpet.uasset" 528
"C:/Users/Some Guy/Documents/Unreal Projects/New folder/Unreal/Content/WorldObjects/Items/BuildItems/BP_BuildFancyBed.uasset" 529
"C:/Users/Some Guy/Documents/Unreal Projects/New folder/Unreal/Content/WorldObjects/Items/BuildItems/BP_BuildFancyTable.uasset" 530
"C:/Users/Some Guy/Documents/Unreal Projects/New folder/Unreal/Content/WorldObjects/Items/BuildItems/BP_BuildLargeDoorway.uasset" 531
"C:/Users/Some Guy/Documents/Unreal Projects/New folder/Unreal/Content/WorldObjects/Items/BuildItems/BP_BuildLargeFloor.uasset" 532
"C:/Users/Some Guy/Documents/Unreal Projects/New folder/Unreal/Content/WorldObjects/Items/BuildItems/BP_BuildLargeFoundation.uasset" 533
"C:/Users/Some Guy/Documents/Unreal Projects/New folder/Unreal/Content/WorldObjects/Items/BuildItems/BP_ParentBuildWall.uasset" 534
"C:/Users/Some Guy/Documents/Unreal Projects/New folder/Unreal/Content/WorldObjects/Items/BuildItems/BP_BuildLargeWall1.uasset" 535
"C:/Users/Some Guy/Documents/Unreal Projects/New folder/Unreal/Content/WorldObjects/Items/BuildItems/BP_BuildLargeWall2.uasset" 536
"C:/Users/Some Guy/Documents/Unreal Projects/New folder/Unreal/Content/WorldObjects/Items/BuildItems/BP_BuildLargeWallTriangle.uasset" 537
"C:/Users/Some Guy/Documents/Unreal Projects/New folder/Unreal/Content/WorldObjects/Items/BuildItems/BP_BuildLargeWallWindow1.uasset" 538
"C:/Users/Some Guy/Documents/Unreal Projects/New folder/Unreal/Content/WorldObjects/Items/BuildItems/BP_BuildLargeWallWindow2.uasset" 539
"C:/Users/Some Guy/Documents/Unreal Projects/New folder/Unreal/Content/WorldObjects/Items/BuildItems/BP_BuildPole.uasset" 540
"C:/Users/Some Guy/Documents/Unreal Projects/New folder/Unreal/Content/WorldObjects/Items/BuildItems/BP_BuildRoofFlat.uasset" 541
"C:/Users/Some Guy/Documents/Unreal Projects/New folder/Unreal/Content/WorldObjects/Items/BuildItems/BP_BuildRoofLong.uasset" 542
"C:/Users/Some Guy/Documents/Unreal Projects/New folder/Unreal/Content/WorldObjects/Items/BuildItems/BP_BuildRoofShort.uasset" 543
"C:/Users/Some Guy/Documents/Unreal Projects/New folder/Unreal/Content/WorldObjects/Items/BuildItems/BP_ParentBuildStorage.uasset" 544
"C:/Users/Some Guy/Documents/Unreal Projects/New folder/Unreal/Content/WorldObjects/Items/BuildItems/BP_BuildSafe.uasset" 545
"C:/Users/Some Guy/Documents/Unreal Projects/New folder/Unreal/Content/WorldObjects/Items/BuildItems/BP_ParentBuildSeedBag.uasset" 546
"C:/Users/Some Guy/Documents/Unreal Projects/New folder/Unreal/Content/WorldObjects/Items/BuildItems/BP_BuildSeedBagAfage.uasset" 547
"C:/Users/Some Guy/Documents/Unreal Projects/New folder/Unreal/Content/WorldObjects/Items/BuildItems/BP_BuildSeedBagEmberSpice.uasset" 548
"C:/Users/Some Guy/Documents/Unreal Projects/New folder/Unreal/Content/WorldObjects/Items/BuildItems/BP_BuildSeedBagFrostspine.uasset" 549
"C:/Users/Some Guy/Documents/Unreal Projects/New folder/Unreal/Content/WorldObjects/Items/BuildItems/BP_BuildSeedBagGluuin.uasset" 550
"C:/Users/Some Guy/Documents/Unreal Projects/New folder/Unreal/Content/WorldObjects/Items/BuildItems/BP_BuildSeedBagGreenCane.uasset" 551
"C:/Users/Some Guy/Documents/Unreal Projects/New folder/Unreal/Content/WorldObjects/Items/BuildItems/BP_BuildSeedBagHillLavender.uasset" 552
"C:/Users/Some Guy/Documents/Unreal Projects/New folder/Unreal/Content/WorldObjects/Items/BuildItems/BP_BuildSeedBagLunarLeaf.uasset" 553
"C:/Users/Some Guy/Documents/Unreal Projects/New folder/Unreal/Content/WorldObjects/Items/BuildItems/BP_BuildSeedBagRegalRye.uasset" 554
"C:/Users/Some Guy/Documents/Unreal Projects/New folder/Unreal/Content/WorldObjects/Items/BuildItems/BP_BuildSeedBagStreedThorn.uasset" 555
"C:/Users/Some Guy/Documents/Unreal Projects/New folder/Unreal/Content/WorldObjects/Items/BuildItems/BP_BuildSeedBagWildBower.uasset" 556
"C:/Users/Some Guy/Documents/Unreal Projects/New folder/Unreal/Content/WorldObjects/Items/BuildItems/BP_BuildStairs.uasset" 557
"C:/Users/Some Guy/Documents/Unreal Projects/New folder/Unreal/Content/WorldObjects/Items/BuildItems/BP_BuildTable.uasset" 558
"C:/Users/Some Guy/Documents/Unreal Projects/New folder/Unreal/Content/WorldObjects/Items/BuildItems/BP_BuildWall.uasset" 559
"C:/Users/Some Guy/Documents/Unreal Projects/New folder/Unreal/Content/WorldObjects/Items/BuildItems/BP_BuildWindow.uasset" 560
"C:/Users/Some Guy/Documents/Unreal Projects/New folder/Unreal/Content/WorldObjects/Items/BuildItems/BP_ParentConveyer.uasset" 561
"C:/Users/Some Guy/Documents/Unreal Projects/New folder/Unreal/Content/WorldObjects/Items/BuildItems/BP_Conveyer.uasset" 562
"C:/Users/Some Guy/Documents/Unreal Projects/New folder/Unreal/Content/WorldObjects/Items/BuildItems/BP_ConveyerSplitter.uasset" 563
"C:/Users/Some Guy/Documents/Unreal Projects/New folder/Unreal/Content/WorldObjects/Items/BuildItems/BP_ConveyerVertical.uasset" 564
"C:/Users/Some Guy/Documents/Unreal Projects/New folder/Unreal/Content/WorldObjects/Items/BuildItems/BP_ConveyorShredder.uasset" 565
"C:/Users/Some Guy/Documents/Unreal Projects/New folder/Unreal/Content/WorldObjects/Items/BuildItems/BP_DeerTrophy.uasset" 566
"C:/Users/Some Guy/Documents/Unreal Projects/New folder/Unreal/Content/WorldObjects/Items/BuildItems/BP_FishingPot.uasset" 567
"C:/Users/Some Guy/Documents/Unreal Projects/New folder/Unreal/Content/WorldObjects/Items/BuildItems/BP_FishTrophy.uasset" 568
"C:/Users/Some Guy/Documents/Unreal Projects/New folder/Unreal/Content/WorldObjects/Items/BuildItems/BP_Funnel.uasset" 569
"C:/Users/Some Guy/Documents/Unreal Projects/New folder/Unreal/Content/WorldObjects/Items/BuildItems/BP_GoldenHeadStatue.uasset" 570
"C:/Users/Some Guy/Documents/Unreal Projects/New folder/Unreal/Content/WorldObjects/Items/BuildItems/BP_GoliathDrill.uasset" 571
"C:/Users/Some Guy/Documents/Unreal Projects/New folder/Unreal/Content/WorldObjects/Items/BuildItems/BP_GrindingWheel.uasset" 572
"C:/Users/Some Guy/Documents/Unreal Projects/New folder/Unreal/Content/WorldObjects/Items/BuildItems/BP_Harvester.uasset" 573
"C:/Users/Some Guy/Documents/Unreal Projects/New folder/Unreal/Content/WorldObjects/Items/BuildItems/BP_IntakePipe.uasset" 574
"C:/Users/Some Guy/Documents/Unreal Projects/New folder/Unreal/Content/WorldObjects/Items/BuildItems/BP_ParentBuildLighting.uasset" 575
"C:/Users/Some Guy/Documents/Unreal Projects/New folder/Unreal/Content/WorldObjects/Items/BuildItems/BP_LightPost.uasset" 576
"C:/Users/Some Guy/Documents/Unreal Projects/New folder/Unreal/Content/WorldObjects/Items/BuildItems/BP_PipeBent.uasset" 577
"C:/Users/Some Guy/Documents/Unreal Projects/New folder/Unreal/Content/WorldObjects/Items/BuildItems/BP_PipeCork.uasset" 578
"C:/Users/Some Guy/Documents/Unreal Projects/New folder/Unreal/Content/WorldObjects/Items/BuildItems/BP_PipeValve.uasset" 579
"C:/Users/Some Guy/Documents/Unreal Projects/New folder/Unreal/Content/WorldObjects/Items/BuildItems/BP_Plinth.uasset" 580
"C:/Users/Some Guy/Documents/Unreal Projects/New folder/Unreal/Content/WorldObjects/Items/BuildItems/BP_PressureGaugePipe.uasset" 581
"C:/Users/Some Guy/Documents/Unreal Projects/New folder/Unreal/Content/WorldObjects/Items/BuildItems/BP_PressureTankPipe.uasset" 582
"C:/Users/Some Guy/Documents/Unreal Projects/New folder/Unreal/Content/WorldObjects/Items/BuildItems/BP_RamDrill.uasset" 583
"C:/Users/Some Guy/Documents/Unreal Projects/New folder/Unreal/Content/WorldObjects/Items/BuildItems/BP_Scales.uasset" 584
"C:/Users/Some Guy/Documents/Unreal Projects/New folder/Unreal/Content/WorldObjects/Items/BuildItems/BP_SmallFurnace.uasset" 585
"C:/Users/Some Guy/Documents/Unreal Projects/New folder/Unreal/Content/WorldObjects/BP_Water.uasset" 586
"C:/Users/Some Guy/Documents/Unreal Projects/New folder/Unreal/Content/WorldObjects/Items/BuildItems/BP_StraightPipe.uasset" 587
"C:/Users/Some Guy/Documents/Unreal Projects/New folder/Unreal/Content/WorldObjects/Items/BuildItems/BP_ThatchCorner1.uasset" 588
"C:/Users/Some Guy/Documents/Unreal Projects/New folder/Unreal/Content/WorldObjects/Items/BuildItems/BP_ThatchCorner2.uasset" 589
"C:/Users/Some Guy/Documents/Unreal Projects/New folder/Unreal/Content/WorldObjects/Items/BuildItems/BP_ThatchFlat.uasset" 590
"C:/Users/Some Guy/Documents/Unreal Projects/New folder/Unreal/Content/WorldObjects/Items/BuildItems/BP_ThatchRamp.uasset" 591
"C:/Users/Some Guy/Documents/Unreal Projects/New folder/Unreal/Content/WorldObjects/Items/BuildItems/BP_Throne.uasset" 592
"C:/Users/Some Guy/Documents/Unreal Projects/New folder/Unreal/Content/WorldObjects/Items/BuildItems/BP_ToolRack.uasset" 593
"C:/Users/Some Guy/Documents/Unreal Projects/New folder/Unreal/Content/WorldObjects/Items/BuildItems/BP_TPipe.uasset" 594
"C:/Users/Some Guy/Documents/Unreal Projects/New folder/Unreal/Content/WorldObjects/Items/BuildItems/BP_WoodBlock.uasset" 595
"C:/Users/Some Guy/Documents/Unreal Projects/New folder/Unreal/Content/WorldObjects/Items/BuildItems/Logic/BP_Generator.uasset" 596
"C:/Users/Some Guy/Documents/Unreal Projects/New folder/Unreal/Content/Meshes/UsedItems/Build/M_Inlet.uasset" 597
"C:/Users/Some Guy/Documents/Unreal Projects/New folder/Unreal/Content/Meshes/UsedItems/Build/SM_Inlet.uasset" 598
"C:/Users/Some Guy/Documents/Unreal Projects/New folder/Unreal/Content/WorldObjects/Items/BuildItems/Logic/BP_InletPipe.uasset" 599
"C:/Users/Some Guy/Documents/Unreal Projects/New folder/Unreal/Content/WorldObjects/Items/BuildItems/Logic/BP_PipeAND.uasset" 600
"C:/Users/Some Guy/Documents/Unreal Projects/New folder/Unreal/Content/Meshes/X_Pipe.uasset" 601
"C:/Users/Some Guy/Documents/Unreal Projects/New folder/Unreal/Content/WorldObjects/Items/BuildItems/Logic/BP_PipeCross.uasset" 602
"C:/Users/Some Guy/Documents/Unreal Projects/New folder/Unreal/Content/WorldObjects/Items/BuildItems/Logic/BP_PipeInverter.uasset" 603
"C:/Users/Some Guy/Documents/Unreal Projects/New folder/Unreal/Content/WorldObjects/Items/BuildItems/Logic/BP_PipeNAND.uasset" 604
"C:/Users/Some Guy/Documents/Unreal Projects/New folder/Unreal/Content/WorldObjects/Items/BuildItems/Logic/BP_PipeNOR.uasset" 605
"C:/Users/Some Guy/Documents/Unreal Projects/New folder/Unreal/Content/WorldObjects/Items/BuildItems/Logic/BP_PipeNXOR.uasset" 606
"C:/Users/Some Guy/Documents/Unreal Projects/New folder/Unreal/Content/WorldObjects/Items/BuildItems/Logic/BP_PipeOR.uasset" 607
"C:/Users/Some Guy/Documents/Unreal Projects/New folder/Unreal/Content/Meshes/UsedItems/Build/M_PressureGaugePipe.uasset" 608
"C:/Users/Some Guy/Documents/Unreal Projects/New folder/Unreal/Content/WorldObjects/Items/BuildItems/Logic/BP_PipeReader.uasset" 609
"C:/Users/Some Guy/Documents/Unreal Projects/New folder/Unreal/Content/WorldObjects/Items/BuildItems/Logic/BP_PipeStraight.uasset" 610
"C:/Users/Some Guy/Documents/Unreal Projects/New folder/Unreal/Content/WorldObjects/Items/BuildItems/Logic/BP_PipeXOR.uasset" 611
"C:/Users/Some Guy/Documents/Unreal Projects/New folder/Unreal/Content/WorldObjects/Items/RelicItems/BP_RelicParent.uasset" 612
"C:/Users/Some Guy/Documents/Unreal Projects/New folder/Unreal/Content/WorldObjects/Items/RelicItems/BP_RelicArrow.uasset" 613
"C:/Users/Some Guy/Documents/Unreal Projects/New folder/Unreal/Content/WorldObjects/Items/RelicItems/BP_RelicCross.uasset" 614
"C:/Users/Some Guy/Documents/Unreal Projects/New folder/Unreal/Content/WorldObjects/Items/RelicItems/BP_RelicGoblet.uasset" 615
"C:/Users/Some Guy/Documents/Unreal Projects/New folder/Unreal/Content/WorldObjects/Items/RelicItems/BP_RelicSkull.uasset" 616
"C:/Users/Some Guy/Documents/Unreal Projects/New folder/Unreal/Content/WorldObjects/Items/RelicItems/BP_RelicSpyglass.uasset" 617
"C:/Users/Some Guy/Documents/Unreal Projects/New folder/Unreal/Content/WorldObjects/Items/RelicItems/BP_RelicSword.uasset" 618
"C:/Users/Some Guy/Documents/Unreal Projects/New folder/Unreal/Content/WorldObjects/Items/ResourceItems/BP_ParentCraftedResource.uasset" 619
"C:/Users/Some Guy/Documents/Unreal Projects/New folder/Unreal/Content/WorldObjects/Items/ResourceItems/BP_Axe.uasset" 620
"C:/Users/Some Guy/Documents/Unreal Projects/New folder/Unreal/Content/WorldObjects/Items/ResourceItems/BP_Coins.uasset" 621
"C:/Users/Some Guy/Documents/Unreal Projects/New folder/Unreal/Content/WorldObjects/Items/ResourceItems/BP_Dagger.uasset" 622
"C:/Users/Some Guy/Documents/Unreal Projects/New folder/Unreal/Content/WorldObjects/Items/ResourceItems/BP_DirtResource.uasset" 623
"C:/Users/Some Guy/Documents/Unreal Projects/New folder/Unreal/Content/WorldObjects/Items/ResourceItems/BP_GoldOre.uasset" 624
"C:/Users/Some Guy/Documents/Unreal Projects/New folder/Unreal/Content/WorldObjects/Items/ResourceItems/BP_IronOre.uasset" 625
"C:/Users/Some Guy/Documents/Unreal Projects/New folder/Unreal/Content/WorldObjects/Items/ResourceItems/BP_NecklaceEmerald.uasset" 626
"C:/Users/Some Guy/Documents/Unreal Projects/New folder/Unreal/Content/WorldObjects/Items/ResourceItems/BP_NecklaceRuby.uasset" 627
"C:/Users/Some Guy/Documents/Unreal Projects/New folder/Unreal/Content/WorldObjects/Items/ResourceItems/BP_NecklaceSapphire.uasset" 628
"C:/Users/Some Guy/Documents/Unreal Projects/New folder/Unreal/Content/WorldObjects/Items/ResourceItems/BP_RingEmerald.uasset" 629
"C:/Users/Some Guy/Documents/Unreal Projects/New folder/Unreal/Content/WorldObjects/Items/ResourceItems/BP_RingRuby.uasset" 630
"C:/Users/Some Guy/Documents/Unreal Projects/New folder/Unreal/Content/WorldObjects/Items/ResourceItems/BP_RingSapphire.uasset" 631
"C:/Users/Some Guy/Documents/Unreal Projects/New folder/Unreal/Content/WorldObjects/Items/ResourceItems/BP_ScrapMetal.uasset" 632
"C:/Users/Some Guy/Documents/Unreal Projects/New folder/Unreal/Content/WorldObjects/Items/ResourceItems/BP_Sword.uasset" 633
"C:/Users/Some Guy/Documents/Unreal Projects/New folder/Unreal/Content/WorldObjects/Items/ResourceItems/BP_Treasure.uasset" 634
"C:/Users/Some Guy/Documents/Unreal Projects/New folder/Unreal/Content/WorldObjects/Items/ResourceItems/BP_UncutEmerald.uasset" 635
"C:/Users/Some Guy/Documents/Unreal Projects/New folder/Unreal/Content/WorldObjects/Items/ResourceItems/BP_UncutRuby.uasset" 636
"C:/Users/Some Guy/Documents/Unreal Projects/New folder/Unreal/Content/WorldObjects/Items/ResourceItems/BP_UncutSapphire.uasset" 637
"C:/Users/Some Guy/Documents/Unreal Projects/New folder/Unreal/Content/WorldObjects/Items/ToolItems/BP_Brush.uasset" 638
"C:/Users/Some Guy/Documents/Unreal Projects/New folder/Unreal/Content/WorldObjects/Items/ToolItems/BP_Bucket.uasset" 639
"C:/Users/Some Guy/Documents/Unreal Projects/New folder/Unreal/Content/WorldObjects/Items/ToolItems/BP_ConstructionHammer.uasset" 640
"C:/Users/Some Guy/Documents/Unreal Projects/New folder/Unreal/Content/WorldObjects/Items/ToolItems/BP_Crucible.uasset" 641
"C:/Users/Some Guy/Documents/Unreal Projects/New folder/Unreal/Content/WorldObjects/Items/ToolItems/BP_FishingRod.uasset" 642
"C:/Users/Some Guy/Documents/Unreal Projects/New folder/Unreal/Content/WorldObjects/Items/ToolItems/BP_Hammer.uasset" 643
"C:/Users/Some Guy/Documents/Unreal Projects/New folder/Unreal/Content/WorldObjects/Items/ToolItems/BP_Lantern.uasset" 644
"C:/Users/Some Guy/Documents/Unreal Projects/New folder/Unreal/Content/WorldObjects/Items/ToolItems/BP_RelaRotTool.uasset" 645
"C:/Users/Some Guy/Documents/Unreal Projects/New folder/Unreal/Content/WorldObjects/Items/ToolItems/BP_PowerMagnet.uasset" 646
"C:/Users/Some Guy/Documents/Unreal Projects/New folder/Unreal/Content/WorldObjects/Items/ToolItems/BP_MagStaff.uasset" 647
"C:/Users/Some Guy/Documents/Unreal Projects/New folder/Unreal/Content/WorldObjects/Items/ToolItems/BP_MiningHelmet.uasset" 648
"C:/Users/Some Guy/Documents/Unreal Projects/New folder/Unreal/Content/WorldObjects/Items/ToolItems/BP_Mould.uasset" 649
"C:/Users/Some Guy/Documents/Unreal Projects/New folder/Unreal/Content/WorldObjects/Items/ToolItems/BP_PaintBrush.uasset" 650
"C:/Users/Some Guy/Documents/Unreal Projects/New folder/Unreal/Content/WorldObjects/Items/ToolItems/BP_ParentToolUses.uasset" 651
"C:/Users/Some Guy/Documents/Unreal Projects/New folder/Unreal/Content/WorldObjects/Items/ToolItems/BP_PaintBucketParent.uasset" 652
"C:/Users/Some Guy/Documents/Unreal Projects/New folder/Unreal/Content/WorldObjects/Items/ToolItems/BP_PaintBucketBlack.uasset" 653
"C:/Users/Some Guy/Documents/Unreal Projects/New folder/Unreal/Content/WorldObjects/Items/ToolItems/BP_PaintBucketBlue.uasset" 654
"C:/Users/Some Guy/Documents/Unreal Projects/New folder/Unreal/Content/WorldObjects/Items/ToolItems/BP_PaintBucketGreen.uasset" 655
"C:/Users/Some Guy/Documents/Unreal Projects/New folder/Unreal/Content/WorldObjects/Items/ToolItems/BP_PaintBucketOrange.uasset" 656
"C:/Users/Some Guy/Documents/Unreal Projects/New folder/Unreal/Content/WorldObjects/Items/ToolItems/BP_PaintBucketPink.uasset" 657
"C:/Users/Some Guy/Documents/Unreal Projects/New folder/Unreal/Content/WorldObjects/Items/ToolItems/BP_PaintBucketRed.uasset" 658
"C:/Users/Some Guy/Documents/Unreal Projects/New folder/Unreal/Content/WorldObjects/Items/ToolItems/BP_PaintBucketWhite.uasset" 659
"C:/Users/Some Guy/Documents/Unreal Projects/New folder/Unreal/Content/WorldObjects/Items/ToolItems/BP_Pickaxe.uasset" 660
"C:/Users/Some Guy/Documents/Unreal Projects/New folder/Unreal/Content/WorldObjects/Items/ToolItems/BP_Saw.uasset" 661
"C:/Users/Some Guy/Documents/Unreal Projects/New folder/Unreal/Content/WorldObjects/Items/ToolItems/BP_Shovel.uasset" 662
"C:/Users/Some Guy/Documents/Unreal Projects/New folder/Unreal/Content/WorldObjects/Items/ToolItems/BP_Shovel2.uasset" 663
"C:/Users/Some Guy/Documents/Unreal Projects/New folder/Unreal/Content/WorldObjects/Items/ToolItems/BP_Spanner.uasset" 664
"C:/Users/Some Guy/Documents/Unreal Projects/New folder/Unreal/Content/WorldObjects/Items/ToolItems/BP_ToolBag.uasset" 665
"C:/Users/Some Guy/Documents/Unreal Projects/New folder/Unreal/Content/WorldObjects/Vehicles/BP_Excavator.uasset" 666
"C:/Users/Some Guy/Documents/Unreal Projects/New folder/Unreal/Content/WorldObjects/Vehicles/BP_PickupTruck.uasset" 667
"C:/Users/Some Guy/Documents/Unreal Projects/New folder/Unreal/Content/ExternalAssets/Wooden_UI/Textures/Tex_bg_01_02.uasset" 668
"C:/Users/Some Guy/Documents/Unreal Projects/New folder/Unreal/Content/ExternalAssets/Wooden_UI/Textures/Tex_frame_line.uasset" 669
"C:/Users/Some Guy/Documents/Unreal Projects/New folder/Unreal/Content/ExternalAssets/Wooden_UI/Textures/Tex_title.uasset" 670
"C:/Users/Some Guy/Documents/Unreal Projects/New folder/Unreal/Content/CheatMenu/F7Menu.uasset" 671
"C:/Users/Some Guy/Documents/Unreal Projects/New folder/Unreal/Content/Meshes/UsedItems/Tools/SM_MapMesh.uasset" 672
"C:/Users/Some Guy/Documents/Unreal Projects/New folder/Unreal/Content/StarterContent/Textures/T_Frame_M.uasset" 673
"C:/Users/Some Guy/Documents/Unreal Projects/New folder/Unreal/Content/StarterContent/Textures/T_Frame_N.uasset" 674
"C:/Users/Some Guy/Documents/Unreal Projects/New folder/Unreal/Content/StarterContent/Props/Materials/M_Frame.uasset" 675
"C:/Users/Some Guy/Documents/Unreal Projects/New folder/Unreal/Content/StarterContent/Props/SM_PillarFrame.uasset" 676
"C:/Users/Some Guy/Documents/Unreal Projects/New folder/Unreal/Content/UI/UI_WorldMap.uasset" 677
"C:/Users/Some Guy/Documents/Unreal Projects/New folder/Unreal/Content/WorldObjects/Items/ToolItems/BP_WorldMap.uasset" 678
"C:/Users/Some Guy/Documents/Unreal Projects/New folder/Unreal/Content/StarterContent/Maps/Minimal_Default_BuiltData.uasset" 679
"C:/Users/Some Guy/Documents/Unreal Projects/New folder/Unreal/Content/StarterContent/Textures/T_MacroVariation.uasset" 680
"C:/Users/Some Guy/Documents/Unreal Projects/New folder/Unreal/Content/StarterContent/Materials/M_Metal_Brushed_Nickel.uasset" 681
"C:/Users/Some Guy/Documents/Unreal Projects/New folder/Unreal/Content/StarterContent/Textures/T_Metal_Aluminum_D.uasset" 682
"C:/Users/Some Guy/Documents/Unreal Projects/New folder/Unreal/Content/StarterContent/Textures/T_Metal_Gold_N.uasset" 683
"C:/Users/Some Guy/Documents/Unreal Projects/New folder/Unreal/Content/StarterContent/Materials/M_Metal_Burnished_Steel.uasset" 684
"C:/Users/Some Guy/Documents/Unreal Projects/New folder/Unreal/Content/StarterContent/Textures/T_Metal_Copper_D.uasset" 685
"C:/Users/Some Guy/Documents/Unreal Projects/New folder/Unreal/Content/StarterContent/Materials/M_Metal_Copper.uasset" 686
"C:/Users/Some Guy/Documents/Unreal Projects/New folder/Unreal/Content/StarterContent/Textures/T_Statue_M.uasset" 687
"C:/Users/Some Guy/Documents/Unreal Projects/New folder/Unreal/Content/StarterContent/Textures/T_Statue_N.uasset" 688
"C:/Users/Some Guy/Documents/Unreal Projects/New folder/Unreal/Content/StarterContent/Props/Materials/M_StatueGlass.uasset" 689
"C:/Users/Some Guy/Documents/Unreal Projects/New folder/Unreal/Content/StarterContent/Architecture/Floor_400x400.uasset" 690
"C:/Users/Some Guy/Documents/Unreal Projects/New folder/Unreal/Content/StarterContent/Audio/Starter_Background_Cue.uasset" 691
"C:/Users/Some Guy/Documents/Unreal Projects/New folder/Unreal/Content/StarterContent/Props/SM_Chair.uasset" 692
"C:/Users/Some Guy/Documents/Unreal Projects/New folder/Unreal/Content/StarterContent/Props/Materials/M_Statue.uasset" 693
"C:/Users/Some Guy/Documents/Unreal Projects/New folder/Unreal/Content/StarterContent/Props/SM_Statue.uasset" 694
"C:/Users/Some Guy/Documents/Unreal Projects/New folder/Unreal/Content/StarterContent/Textures/T_TableRound_M.uasset" 695
"C:/Users/Some Guy/Documents/Unreal Projects/New folder/Unreal/Content/StarterContent/Textures/T_TableRound_N.uasset" 696
"C:/Users/Some Guy/Documents/Unreal Projects/New folder/Unreal/Content/StarterContent/Props/Materials/M_TableRound.uasset" 697
"C:/Users/Some Guy/Documents/Unreal Projects/New folder/Unreal/Content/StarterContent/Props/SM_TableRound.uasset" 698
"C:/Users/Some Guy/Documents/Unreal Projects/New folder/Unreal/Content/StarterContent/Maps/Minimal_Default.umap" 699
"C:/Users/Some Guy/Documents/Unreal Projects/New folder/Unreal/Content/StarterContent/Audio/Fire01_Cue.uasset" 700
"C:/Users/Some Guy/Documents/Unreal Projects/New folder/Unreal/Content/StarterContent/Textures/T_Fire_SubUV.uasset" 701
"C:/Users/Some Guy/Documents/Unreal Projects/New folder/Unreal/Content/StarterContent/Textures/T_Fire_Tiled_D.uasset" 702
"C:/Users/Some Guy/Documents/Unreal Projects/New folder/Unreal/Content/StarterContent/Particles/Materials/M_Fire_SubUV.uasset" 703
"C:/Users/Some Guy/Documents/Unreal Projects/New folder/Unreal/Content/StarterContent/Textures/T_Water_N.uasset" 704
"C:/Users/Some Guy/Documents/Unreal Projects/New folder/Unreal/Content/StarterContent/Particles/Materials/M_Heat_Distortion.uasset" 705
"C:/Users/Some Guy/Documents/Unreal Projects/New folder/Unreal/Content/StarterContent/Particles/Materials/M_Radial_Gradient.uasset" 706
"C:/Users/Some Guy/Documents/Unreal Projects/New folder/Unreal/Content/StarterContent/Particles/P_Fire.uasset" 707
"C:/Users/Some Guy/Documents/Unreal Projects/New folder/Unreal/Content/StarterContent/Blueprints/Blueprint_Effect_Fire.uasset" 708
"C:/Users/Some Guy/Documents/Unreal Projects/New folder/Unreal/Content/StarterContent/Audio/Smoke01_Cue.uasset" 709
"C:/Users/Some Guy/Documents/Unreal Projects/New folder/Unreal/Content/StarterContent/Particles/P_Smoke.uasset" 710
"C:/Users/Some Guy/Documents/Unreal Projects/New folder/Unreal/Content/StarterContent/Blueprints/Blueprint_Effect_Smoke.uasset" 711
"C:/Users/Some Guy/Documents/Unreal Projects/New folder/Unreal/Content/StarterContent/Audio/Fire_Sparks01_Cue.uasset" 712
"C:/Users/Some Guy/Documents/Unreal Projects/New folder/Unreal/Content/StarterContent/Textures/T_Spark_Core.uasset" 713
"C:/Users/Some Guy/Documents/Unreal Projects/New folder/Unreal/Content/StarterContent/Particles/Materials/M_Spark.uasset" 714
"C:/Users/Some Guy/Documents/Unreal Projects/New folder/Unreal/Content/StarterContent/Particles/P_Sparks.uasset" 715
"C:/Users/Some Guy/Documents/Unreal Projects/New folder/Unreal/Content/StarterContent/Blueprints/Blueprint_Effect_Sparks.uasset" 716
"C:/Users/Some Guy/Documents/Unreal Projects/New folder/Unreal/Content/StarterContent/Audio/Steam01_Cue.uasset" 717
"C:/Users/Some Guy/Documents/Unreal Projects/New folder/Unreal/Content/StarterContent/Particles/P_Steam_Lit.uasset" 718
"C:/Users/Some Guy/Documents/Unreal Projects/New folder/Unreal/Content/StarterContent/Blueprints/Blueprint_Effect_Steam.uasset" 719
"C:/Users/Some Guy/Documents/Unreal Projects/New folder/Unreal/Content/StarterContent/Textures/T_Lamp_M.uasset" 720
"C:/Users/Some Guy/Documents/Unreal Projects/New folder/Unreal/Content/StarterContent/Textures/T_Lamp_N.uasset" 721
"C:/Users/Some Guy/Documents/Unreal Projects/New folder/Unreal/Content/StarterContent/Props/Materials/M_Lamp.uasset" 722
"C:/Users/Some Guy/Documents/Unreal Projects/New folder/Unreal/Content/StarterContent/Props/SM_Lamp_Ceiling.uasset" 723
"C:/Users/Some Guy/Documents/Unreal Projects/New folder/Unreal/Content/StarterContent/Blueprints/Blueprint_CeilingLight.uasset" 724
"C:/Users/Some Guy/Documents/Unreal Projects/New folder/Unreal/Content/StarterContent/Props/SM_Lamp_Wall.uasset" 725
"C:/Users/Some Guy/Documents/Unreal Projects/New folder/Unreal/Content/StarterContent/Blueprints/Blueprint_WallSconce.uasset" 726
"C:/Users/Some Guy/Documents/Unreal Projects/New folder/Unreal/Content/StarterContent/Maps/StarterMap_BuiltData.uasset" 727
"../../../Engine/Content/Functions/Engine_MaterialFunctions03/Procedurals/ComputeFilterWidth.uasset" 728
"../../../Engine/Content/EngineMaterials/AntiAliasedTextMaterialTranslucent.uasset" 729
"C:/Users/Some Guy/Documents/Unreal Projects/New folder/Unreal/Content/StarterContent/Textures/T_Brick_Clay_Beveled_D.uasset" 730
"C:/Users/Some Guy/Documents/Unreal Projects/New folder/Unreal/Content/StarterContent/Textures/T_Brick_Clay_Beveled_M.uasset" 731
"C:/Users/Some Guy/Documents/Unreal Projects/New folder/Unreal/Content/StarterContent/Textures/T_Brick_Clay_Beveled_N.uasset" 732
"C:/Users/Some Guy/Documents/Unreal Projects/New folder/Unreal/Content/StarterContent/Materials/M_Brick_Clay_Beveled.uasset" 733
"C:/Users/Some Guy/Documents/Unreal Projects/New folder/Unreal/Content/StarterContent/Textures/T_Brick_Clay_New_D.uasset" 734
"C:/Users/Some Guy/Documents/Unreal Projects/New folder/Unreal/Content/StarterContent/Textures/T_Brick_Clay_New_M.uasset" 735
"C:/Users/Some Guy/Documents/Unreal Projects/New folder/Unreal/Content/StarterContent/Textures/T_Brick_Clay_New_N.uasset" 736
"C:/Users/Some Guy/Documents/Unreal Projects/New folder/Unreal/Content/StarterContent/Materials/M_Brick_Clay_New.uasset" 737
"C:/Users/Some Guy/Documents/Unreal Projects/New folder/Unreal/Content/StarterContent/Textures/T_Brick_Clay_Old_D.uasset" 738
"C:/Users/Some Guy/Documents/Unreal Projects/New folder/Unreal/Content/StarterContent/Textures/T_Brick_Clay_Old_N.uasset" 739
"C:/Users/Some Guy/Documents/Unreal Projects/New folder/Unreal/Content/StarterContent/Textures/T_Perlin_Noise_M.uasset" 740
"C:/Users/Some Guy/Documents/Unreal Projects/New folder/Unreal/Content/StarterContent/Materials/M_Brick_Clay_Old.uasset" 741
"C:/Users/Some Guy/Documents/Unreal Projects/New folder/Unreal/Content/StarterContent/Textures/T_Brick_Cut_Stone_D.uasset" 742
"C:/Users/Some Guy/Documents/Unreal Projects/New folder/Unreal/Content/StarterContent/Textures/T_Brick_Cut_Stone_N.uasset" 743
"C:/Users/Some Guy/Documents/Unreal Projects/New folder/Unreal/Content/StarterContent/Materials/M_Brick_Cut_Stone.uasset" 744
"C:/Users/Some Guy/Documents/Unreal Projects/New folder/Unreal/Content/StarterContent/Textures/T_Brick_Hewn_Stone_D.uasset" 745
"C:/Users/Some Guy/Documents/Unreal Projects/New folder/Unreal/Content/StarterContent/Textures/T_Brick_Hewn_Stone_M.uasset" 746
"C:/Users/Some Guy/Documents/Unreal Projects/New folder/Unreal/Content/StarterContent/Textures/T_Brick_Hewn_Stone_N.uasset" 747
"C:/Users/Some Guy/Documents/Unreal Projects/New folder/Unreal/Content/StarterContent/Materials/M_Brick_Hewn_Stone.uasset" 748
"C:/Users/Some Guy/Documents/Unreal Projects/New folder/Unreal/Content/StarterContent/Textures/T_Ceramic_Tile_M.uasset" 749
"C:/Users/Some Guy/Documents/Unreal Projects/New folder/Unreal/Content/StarterContent/Textures/T_Ceramic_Tile_N.uasset" 750
"C:/Users/Some Guy/Documents/Unreal Projects/New folder/Unreal/Content/StarterContent/Textures/T_Rock_Marble_Polished_D.uasset" 751
"C:/Users/Some Guy/Documents/Unreal Projects/New folder/Unreal/Content/StarterContent/Materials/M_Ceramic_Tile_Checker.uasset" 752
"C:/Users/Some Guy/Documents/Unreal Projects/New folder/Unreal/Content/StarterContent/Textures/T_CobbleStone_Pebble_D.uasset" 753
"C:/Users/Some Guy/Documents/Unreal Projects/New folder/Unreal/Content/StarterContent/Textures/T_CobbleStone_Pebble_M.uasset" 754
"C:/Users/Some Guy/Documents/Unreal Projects/New folder/Unreal/Content/StarterContent/Textures/T_CobbleStone_Pebble_N.uasset" 755
"C:/Users/Some Guy/Documents/Unreal Projects/New folder/Unreal/Content/StarterContent/Materials/M_CobbleStone_Pebble.uasset" 756
"C:/Users/Some Guy/Documents/Unreal Projects/New folder/Unreal/Content/StarterContent/Textures/T_CobbleStone_Rough_D.uasset" 757
"C:/Users/Some Guy/Documents/Unreal Projects/New folder/Unreal/Content/StarterContent/Textures/T_CobbleStone_Rough_N.uasset" 758
"C:/Users/Some Guy/Documents/Unreal Projects/New folder/Unreal/Content/StarterContent/Textures/T_Gradinet_01.uasset" 759
"C:/Users/Some Guy/Documents/Unreal Projects/New folder/Unreal/Content/StarterContent/Textures/T_Rock_Smooth_Granite_D.uasset" 760
"C:/Users/Some Guy/Documents/Unreal Projects/New folder/Unreal/Content/StarterContent/Materials/M_CobbleStone_Rough.uasset" 761
"C:/Users/Some Guy/Documents/Unreal Projects/New folder/Unreal/Content/StarterContent/Textures/T_CobbleStone_Smooth_D.uasset" 762
"C:/Users/Some Guy/Documents/Unreal Projects/New folder/Unreal/Content/StarterContent/Textures/T_CobbleStone_Smooth_M.uasset" 763
"C:/Users/Some Guy/Documents/Unreal Projects/New folder/Unreal/Content/StarterContent/Textures/T_CobbleStone_Smooth_N.uasset" 764
"C:/Users/Some Guy/Documents/Unreal Projects/New folder/Unreal/Content/StarterContent/Materials/M_CobbleStone_Smooth.uasset" 765
"C:/Users/Some Guy/Documents/Unreal Projects/New folder/Unreal/Content/StarterContent/Textures/T_Concrete_Grime_D.uasset" 766
"C:/Users/Some Guy/Documents/Unreal Projects/New folder/Unreal/Content/StarterContent/Textures/T_Metal_Rust_N.uasset" 767
"C:/Users/Some Guy/Documents/Unreal Projects/New folder/Unreal/Content/StarterContent/Materials/M_Concrete_Grime.uasset" 768
"C:/Users/Some Guy/Documents/Unreal Projects/New folder/Unreal/Content/StarterContent/Textures/T_Concrete_Panels_D.uasset" 769
"C:/Users/Some Guy/Documents/Unreal Projects/New folder/Unreal/Content/StarterContent/Textures/T_Concrete_Panels_N.uasset" 770
"C:/Users/Some Guy/Documents/Unreal Projects/New folder/Unreal/Content/StarterContent/Materials/M_Concrete_Panels.uasset" 771
"C:/Users/Some Guy/Documents/Unreal Projects/New folder/Unreal/Content/StarterContent/Textures/T_Concrete_Poured_D.uasset" 772
"C:/Users/Some Guy/Documents/Unreal Projects/New folder/Unreal/Content/StarterContent/Textures/T_Concrete_Poured_N.uasset" 773
"C:/Users/Some Guy/Documents/Unreal Projects/New folder/Unreal/Content/StarterContent/Materials/M_Concrete_Poured.uasset" 774
"C:/Users/Some Guy/Documents/Unreal Projects/New folder/Unreal/Content/StarterContent/Textures/T_Concrete_Tiles_D.uasset" 775
"C:/Users/Some Guy/Documents/Unreal Projects/New folder/Unreal/Content/StarterContent/Textures/T_Concrete_Tiles_M.uasset" 776
"C:/Users/Some Guy/Documents/Unreal Projects/New folder/Unreal/Content/StarterContent/Textures/T_Concrete_Tiles_N.uasset" 777
"C:/Users/Some Guy/Documents/Unreal Projects/New folder/Unreal/Content/StarterContent/Textures/T_Concrete_Tiles_Variation_M.uasset" 778
"C:/Users/Some Guy/Documents/Unreal Projects/New folder/Unreal/Content/StarterContent/Materials/M_Concrete_Tiles.uasset" 779
"C:/Users/Some Guy/Documents/Unreal Projects/New folder/Unreal/Content/StarterContent/Textures/T_Ground_Grass_D.uasset" 780
"C:/Users/Some Guy/Documents/Unreal Projects/New folder/Unreal/Content/StarterContent/Textures/T_Ground_Grass_N.uasset" 781
"C:/Users/Some Guy/Documents/Unreal Projects/New folder/Unreal/Content/StarterContent/Materials/M_Ground_Grass.uasset" 782
"C:/Users/Some Guy/Documents/Unreal Projects/New folder/Unreal/Content/StarterContent/Textures/T_Ground_Gravel_D.uasset" 783
"C:/Users/Some Guy/Documents/Unreal Projects/New folder/Unreal/Content/StarterContent/Textures/T_Ground_Gravel_N.uasset" 784
"C:/Users/Some Guy/Documents/Unreal Projects/New folder/Unreal/Content/StarterContent/Materials/M_Ground_Gravel.uasset" 785
"C:/Users/Some Guy/Documents/Unreal Projects/New folder/Unreal/Content/StarterContent/Textures/T_ground_Moss_D.uasset" 786
"C:/Users/Some Guy/Documents/Unreal Projects/New folder/Unreal/Content/StarterContent/Textures/T_Ground_Moss_N.uasset" 787
"C:/Users/Some Guy/Documents/Unreal Projects/New folder/Unreal/Content/StarterContent/Materials/M_Ground_Moss.uasset" 788
"C:/Users/Some Guy/Documents/Unreal Projects/New folder/Unreal/Content/StarterContent/Materials/M_Metal_Chrome.uasset" 789
"C:/Users/Some Guy/Documents/Unreal Projects/New folder/Unreal/Content/StarterContent/Textures/T_Metal_Gold_D.uasset" 790
"C:/Users/Some Guy/Documents/Unreal Projects/New folder/Unreal/Content/StarterContent/Materials/M_Metal_Gold.uasset" 791
"C:/Users/Some Guy/Documents/Unreal Projects/New folder/Unreal/Content/StarterContent/Textures/T_Metal_Rust_D.uasset" 792
"C:/Users/Some Guy/Documents/Unreal Projects/New folder/Unreal/Content/StarterContent/Materials/M_Metal_Rust.uasset" 793
"C:/Users/Some Guy/Documents/Unreal Projects/New folder/Unreal/Content/StarterContent/Textures/T_Metal_Steel_D.uasset" 794
"C:/Users/Some Guy/Documents/Unreal Projects/New folder/Unreal/Content/StarterContent/Textures/T_Metal_Steel_N.uasset" 795
"C:/Users/Some Guy/Documents/Unreal Projects/New folder/Unreal/Content/StarterContent/Materials/M_Metal_Steel.uasset" 796
"C:/Users/Some Guy/Documents/Unreal Projects/New folder/Unreal/Content/StarterContent/Textures/T_Rock_Basalt_N.uasset" 797
"C:/Users/Some Guy/Documents/Unreal Projects/New folder/Unreal/Content/StarterContent/Materials/M_Rock_Basalt.uasset" 798
"C:/Users/Some Guy/Documents/Unreal Projects/New folder/Unreal/Content/StarterContent/Materials/M_Rock_Marble_Polished.uasset" 799
"C:/Users/Some Guy/Documents/Unreal Projects/New folder/Unreal/Content/StarterContent/Textures/T_Rock_Sandstone_D.uasset" 800
"C:/Users/Some Guy/Documents/Unreal Projects/New folder/Unreal/Content/StarterContent/Textures/T_Rock_Sandstone_N.uasset" 801
"C:/Users/Some Guy/Documents/Unreal Projects/New folder/Unreal/Content/StarterContent/Materials/M_Rock_Sandstone.uasset" 802
"C:/Users/Some Guy/Documents/Unreal Projects/New folder/Unreal/Content/StarterContent/Textures/T_Rock_Slate_D.uasset" 803
"C:/Users/Some Guy/Documents/Unreal Projects/New folder/Unreal/Content/StarterContent/Textures/T_Rock_Slate_N.uasset" 804
"C:/Users/Some Guy/Documents/Unreal Projects/New folder/Unreal/Content/StarterContent/Materials/M_Rock_Slate.uasset" 805
"C:/Users/Some Guy/Documents/Unreal Projects/New folder/Unreal/Content/StarterContent/Textures/T_Checker_Noise_M.uasset" 806
"C:/Users/Some Guy/Documents/Unreal Projects/New folder/Unreal/Content/StarterContent/Textures/T_Single_Tile_N.uasset" 807
"C:/Users/Some Guy/Documents/Unreal Projects/New folder/Unreal/Content/StarterContent/Textures/T_Tech_Dot_M.uasset" 808
"C:/Users/Some Guy/Documents/Unreal Projects/New folder/Unreal/Content/StarterContent/Textures/T_Tech_Dot_N.uasset" 809
"C:/Users/Some Guy/Documents/Unreal Projects/New folder/Unreal/Content/StarterContent/Materials/M_Tech_Checker_Dot.uasset" 810
"C:/Users/Some Guy/Documents/Unreal Projects/New folder/Unreal/Content/StarterContent/Textures/T_Tech_Hex_Tile_M.uasset" 811
"C:/Users/Some Guy/Documents/Unreal Projects/New folder/Unreal/Content/StarterContent/Textures/T_Tech_Hex_Tile_N.uasset" 812
"C:/Users/Some Guy/Documents/Unreal Projects/New folder/Unreal/Content/StarterContent/Materials/M_Tech_Hex_Tile.uasset" 813
"C:/Users/Some Guy/Documents/Unreal Projects/New folder/Unreal/Content/StarterContent/Materials/M_Tech_Hex_Tile_Pulse.uasset" 814
"C:/Users/Some Guy/Documents/Unreal Projects/New folder/Unreal/Content/StarterContent/Textures/T_Tech_Panel_M.uasset" 815
"C:/Users/Some Guy/Documents/Unreal Projects/New folder/Unreal/Content/StarterContent/Textures/T_Tech_Panel_N.uasset" 816
"C:/Users/Some Guy/Documents/Unreal Projects/New folder/Unreal/Content/StarterContent/Materials/M_Tech_Panel.uasset" 817
"C:/Users/Some Guy/Documents/Unreal Projects/New folder/Unreal/Content/StarterContent/Materials/M_Water_Lake.uasset" 818
"C:/Users/Some Guy/Documents/Unreal Projects/New folder/Unreal/Content/StarterContent/Textures/T_Water_M.uasset" 819
"C:/Users/Some Guy/Documents/Unreal Projects/New folder/Unreal/Content/StarterContent/Materials/M_Water_Ocean.uasset" 820
"C:/Users/Some Guy/Documents/Unreal Projects/New folder/Unreal/Content/StarterContent/Textures/T_Wood_Floor_Walnut_D.uasset" 821
"C:/Users/Some Guy/Documents/Unreal Projects/New folder/Unreal/Content/StarterContent/Textures/T_Wood_Floor_Walnut_M.uasset" 822
"C:/Users/Some Guy/Documents/Unreal Projects/New folder/Unreal/Content/StarterContent/Textures/T_Wood_Floor_Walnut_N.uasset" 823
"C:/Users/Some Guy/Documents/Unreal Projects/New folder/Unreal/Content/StarterContent/Materials/M_Wood_Floor_Walnut_Polished.uasset" 824
"../../../Engine/Content/Functions/Engine_MaterialFunctions01/Opacity/AlphaOffset.uasset" 825
"C:/Users/Some Guy/Documents/Unreal Projects/New folder/Unreal/Content/StarterContent/Materials/M_Wood_Floor_Walnut_Worn.uasset" 826
"C:/Users/Some Guy/Documents/Unreal Projects/New folder/Unreal/Content/StarterContent/Textures/T_Wood_Oak_D.uasset" 827
"C:/Users/Some Guy/Documents/Unreal Projects/New folder/Unreal/Content/StarterContent/Textures/T_Wood_Oak_N.uasset" 828
"C:/Users/Some Guy/Documents/Unreal Projects/New folder/Unreal/Content/StarterContent/Materials/M_Wood_Oak.uasset" 829
"C:/Users/Some Guy/Documents/Unreal Projects/New folder/Unreal/Content/StarterContent/Textures/T_Wood_Pine_D.uasset" 830
"C:/Users/Some Guy/Documents/Unreal Projects/New folder/Unreal/Content/StarterContent/Textures/T_Wood_Pine_N.uasset" 831
"C:/Users/Some Guy/Documents/Unreal Projects/New folder/Unreal/Content/StarterContent/Materials/M_Wood_Pine.uasset" 832
"C:/Users/Some Guy/Documents/Unreal Projects/New folder/Unreal/Content/StarterContent/Textures/T_Wood_Walnut_D.uasset" 833
"C:/Users/Some Guy/Documents/Unreal Projects/New folder/Unreal/Content/StarterContent/Textures/T_Wood_Walnut_N.uasset" 834
"C:/Users/Some Guy/Documents/Unreal Projects/New folder/Unreal/Content/StarterContent/Materials/M_Wood_Walnut.uasset" 835
"C:/Users/Some Guy/Documents/Unreal Projects/New folder/Unreal/Content/StarterContent/Architecture/Wall_400x200.uasset" 836
"C:/Users/Some Guy/Documents/Unreal Projects/New folder/Unreal/Content/StarterContent/Architecture/Wall_Door_400x300.uasset" 837
"C:/Users/Some Guy/Documents/Unreal Projects/New folder/Unreal/Content/StarterContent/Architecture/Wall_Window_400x300.uasset" 838
"C:/Users/Some Guy/Documents/Unreal Projects/New folder/Unreal/Content/StarterContent/Audio/Collapse_Cue.uasset" 839
"C:/Users/Some Guy/Documents/Unreal Projects/New folder/Unreal/Content/StarterContent/Audio/Starter_Music_Cue.uasset" 840
"C:/Users/Some Guy/Documents/Unreal Projects/New folder/Unreal/Content/StarterContent/Textures/T_Dust_Particle_D.uasset" 841
"C:/Users/Some Guy/Documents/Unreal Projects/New folder/Unreal/Content/StarterContent/Particles/Materials/M_Dust_Particle.uasset" 842
"C:/Users/Some Guy/Documents/Unreal Projects/New folder/Unreal/Content/StarterContent/Particles/P_Ambient_Dust.uasset" 843
"C:/Users/Some Guy/Documents/Unreal Projects/New folder/Unreal/Content/StarterContent/Props/MaterialSphere.uasset" 844
"C:/Users/Some Guy/Documents/Unreal Projects/New folder/Unreal/Content/StarterContent/Props/SM_CornerFrame.uasset" 845
"C:/Users/Some Guy/Documents/Unreal Projects/New folder/Unreal/Content/StarterContent/Props/SM_DoorFrame.uasset" 846
"C:/Users/Some Guy/Documents/Unreal Projects/New folder/Unreal/Content/StarterContent/Props/SM_GlassWindow.uasset" 847
"C:/Users/Some Guy/Documents/Unreal Projects/New folder/Unreal/Content/StarterContent/Props/SM_PillarFrame300.uasset" 848
"C:/Users/Some Guy/Documents/Unreal Projects/New folder/Unreal/Content/StarterContent/Props/SM_WindowFrame.uasset" 849
"C:/Users/Some Guy/Documents/Unreal Projects/New folder/Unreal/Content/StarterContent/Shapes/Shape_Cube.uasset" 850
"C:/Users/Some Guy/Documents/Unreal Projects/New folder/Unreal/Content/StarterContent/Shapes/Shape_QuadPyramid.uasset" 851
"C:/Users/Some Guy/Documents/Unreal Projects/New folder/Unreal/Content/StarterContent/Shapes/Shape_Sphere.uasset" 852
"C:/Users/Some Guy/Documents/Unreal Projects/New folder/Unreal/Content/StarterContent/Maps/StarterMap.umap" 853
"../../../Engine/Content/Maps/Entry_BuiltData.uasset" 854
"../../../Engine/Content/Maps/Entry.umap" 855
